[    0.000000] Linux version 4.15.0-213-generic (buildd@lcy02-amd64-079) (gcc version 7.5.0 (Ubuntu 7.5.0-3ubuntu1~18.04)) #224-Ubuntu SMP Mon Jun 19 13:30:12 UTC 2023 (Ubuntu 4.15.0-213.224-generic 4.15.18)
[    0.000000] Command line: BOOT_IMAGE=/boot/vmlinuz-4.15.0-213-generic root=UUID=f685bb41-0e3b-40c4-89c1-eea0f0583525 ro console=tty1 console=ttyS0
[    0.000000] KERNEL supported cpus:
[    0.000000]   Intel GenuineIntel
[    0.000000]   AMD AuthenticAMD
[    0.000000]   Centaur CentaurHauls
[    0.000000] x86/fpu: Supporting XSAVE feature 0x001: 'x87 floating point registers'
[    0.000000] x86/fpu: Supporting XSAVE feature 0x002: 'SSE registers'
[    0.000000] x86/fpu: Supporting XSAVE feature 0x004: 'AVX registers'
[    0.000000] x86/fpu: xstate_offset[2]:  576, xstate_sizes[2]:  256
[    0.000000] x86/fpu: Enabled xstate features 0x7, context size is 832 bytes, using 'standard' format.
[    0.000000] e820: BIOS-provided physical RAM map:
[    0.000000] BIOS-e820: [mem 0x0000000000000000-0x000000000009fbff] usable
[    0.000000] BIOS-e820: [mem 0x000000000009fc00-0x000000000009ffff] reserved
[    0.000000] BIOS-e820: [mem 0x00000000000f0000-0x00000000000fffff] reserved
[    0.000000] BIOS-e820: [mem 0x0000000000100000-0x00000000dffeffff] usable
[    0.000000] BIOS-e820: [mem 0x00000000dfff0000-0x00000000dfffffff] ACPI data
[    0.000000] BIOS-e820: [mem 0x00000000fec00000-0x00000000fec00fff] reserved
[    0.000000] BIOS-e820: [mem 0x00000000fee00000-0x00000000fee00fff] reserved
[    0.000000] BIOS-e820: [mem 0x00000000fffc0000-0x00000000ffffffff] reserved
[    0.000000] BIOS-e820: [mem 0x0000000100000000-0x000000011fffffff] usable
[    0.000000] NX (Execute Disable) protection: active
[    0.000000] SMBIOS 2.5 present.
[    0.000000] DMI: innotek GmbH VirtualBox/VirtualBox, BIOS VirtualBox 12/01/2006
[    0.000000] Hypervisor detected: KVM
[    0.000000] e820: last_pfn = 0x120000 max_arch_pfn = 0x400000000
[    0.000000] MTRR: Disabled
[    0.000000] x86/PAT: MTRRs disabled, skipping PAT initialization too.
[    0.000000] CPU MTRRs all blank - virtualized system.
[    0.000000] x86/PAT: Configuration [0-7]: WB  WT  UC- UC  WB  WT  UC- UC  
[    0.000000] e820: last_pfn = 0xdfff0 max_arch_pfn = 0x400000000
[    0.000000] found SMP MP-table at [mem 0x0009fff0-0x0009ffff]
[    0.000000] Scanning 1 areas for low memory corruption
[    0.000000] RAMDISK: [mem 0x35819000-0x36c03fff]
[    0.000000] ACPI: Early table checksum verification disabled
[    0.000000] ACPI: RSDP 0x00000000000E0000 000024 (v02 VBOX  )
[    0.000000] ACPI: XSDT 0x00000000DFFF0030 00003C (v01 VBOX   VBOXXSDT 00000001 ASL  00000061)
[    0.000000] ACPI: FACP 0x00000000DFFF00F0 0000F4 (v04 VBOX   VBOXFACP 00000001 ASL  00000061)
[    0.000000] ACPI: DSDT 0x00000000DFFF0610 002353 (v02 VBOX   VBOXBIOS 00000002 INTL 20210930)
[    0.000000] ACPI: FACS 0x00000000DFFF0200 000040
[    0.000000] ACPI: FACS 0x00000000DFFF0200 000040
[    0.000000] ACPI: APIC 0x00000000DFFF0240 00005C (v02 VBOX   VBOXAPIC 00000001 ASL  00000061)
[    0.000000] ACPI: SSDT 0x00000000DFFF02A0 00036C (v01 VBOX   VBOXCPUT 00000002 INTL 20210930)
[    0.000000] ACPI: Reserving FACP table memory at [mem 0xdfff00f0-0xdfff01e3]
[    0.000000] ACPI: Reserving DSDT table memory at [mem 0xdfff0610-0xdfff2962]
[    0.000000] ACPI: Reserving FACS table memory at [mem 0xdfff0200-0xdfff023f]
[    0.000000] ACPI: Reserving FACS table memory at [mem 0xdfff0200-0xdfff023f]
[    0.000000] ACPI: Reserving APIC table memory at [mem 0xdfff0240-0xdfff029b]
[    0.000000] ACPI: Reserving SSDT table memory at [mem 0xdfff02a0-0xdfff060b]
[    0.000000] No NUMA configuration found
[    0.000000] Faking a node at [mem 0x0000000000000000-0x000000011fffffff]
[    0.000000] NODE_DATA(0) allocated [mem 0x11ffd1000-0x11fffbfff]
[    0.000000] kvm-clock: cpu 0, msr 1:1ff50001, primary cpu clock
[    0.000000] kvm-clock: Using msrs 4b564d01 and 4b564d00
[    0.000000] kvm-clock: using sched offset of 5891972091 cycles
[    0.000000] clocksource: kvm-clock: mask: 0xffffffffffffffff max_cycles: 0x1cd42e4dffb, max_idle_ns: 881590591483 ns
[    0.000000] Zone ranges:
[    0.000000]   DMA      [mem 0x0000000000001000-0x0000000000ffffff]
[    0.000000]   DMA32    [mem 0x0000000001000000-0x00000000ffffffff]
[    0.000000]   Normal   [mem 0x0000000100000000-0x000000011fffffff]
[    0.000000]   Device   empty
[    0.000000] Movable zone start for each node
[    0.000000] Early memory node ranges
[    0.000000]   node   0: [mem 0x0000000000001000-0x000000000009efff]
[    0.000000]   node   0: [mem 0x0000000000100000-0x00000000dffeffff]
[    0.000000]   node   0: [mem 0x0000000100000000-0x000000011fffffff]
[    0.000000] Reserved but unavailable: 104 pages
[    0.000000] Initmem setup node 0 [mem 0x0000000000001000-0x000000011fffffff]
[    0.000000] ACPI: PM-Timer IO Port: 0x4008
[    0.000000] IOAPIC[0]: apic_id 2, version 32, address 0xfec00000, GSI 0-23
[    0.000000] ACPI: INT_SRC_OVR (bus 0 bus_irq 0 global_irq 2 dfl dfl)
[    0.000000] ACPI: INT_SRC_OVR (bus 0 bus_irq 9 global_irq 9 low level)
[    0.000000] Using ACPI (MADT) for SMP configuration information
[    0.000000] smpboot: Allowing 2 CPUs, 0 hotplug CPUs
[    0.000000] PM: Registered nosave memory: [mem 0x00000000-0x00000fff]
[    0.000000] PM: Registered nosave memory: [mem 0x0009f000-0x0009ffff]
[    0.000000] PM: Registered nosave memory: [mem 0x000a0000-0x000effff]
[    0.000000] PM: Registered nosave memory: [mem 0x000f0000-0x000fffff]
[    0.000000] PM: Registered nosave memory: [mem 0xdfff0000-0xdfffffff]
[    0.000000] PM: Registered nosave memory: [mem 0xe0000000-0xfebfffff]
[    0.000000] PM: Registered nosave memory: [mem 0xfec00000-0xfec00fff]
[    0.000000] PM: Registered nosave memory: [mem 0xfec01000-0xfedfffff]
[    0.000000] PM: Registered nosave memory: [mem 0xfee00000-0xfee00fff]
[    0.000000] PM: Registered nosave memory: [mem 0xfee01000-0xfffbffff]
[    0.000000] PM: Registered nosave memory: [mem 0xfffc0000-0xffffffff]
[    0.000000] e820: [mem 0xe0000000-0xfebfffff] available for PCI devices
[    0.000000] Booting paravirtualized kernel on KVM
[    0.000000] clocksource: refined-jiffies: mask: 0xffffffff max_cycles: 0xffffffff, max_idle_ns: 7645519600211568 ns
[    0.000000] setup_percpu: NR_CPUS:8192 nr_cpumask_bits:2 nr_cpu_ids:2 nr_node_ids:1
[    0.000000] percpu: Embedded 50 pages/cpu s167936 r8192 d28672 u1048576
[    0.000000] PV qspinlock hash table entries: 256 (order: 0, 4096 bytes)
[    0.000000] Built 1 zonelists, mobility grouping on.  Total pages: 1032057
[    0.000000] Policy zone: Normal
[    0.000000] Kernel command line: BOOT_IMAGE=/boot/vmlinuz-4.15.0-213-generic root=UUID=f685bb41-0e3b-40c4-89c1-eea0f0583525 ro console=tty1 console=ttyS0
[    0.000000] Memory: 4012384K/4193848K available (12300K kernel code, 2477K rwdata, 4324K rodata, 2480K init, 2720K bss, 181464K reserved, 0K cma-reserved)
[    0.000000] SLUB: HWalign=64, Order=0-3, MinObjects=0, CPUs=2, Nodes=1
[    0.000000] Kernel/User page tables isolation: enabled
[    0.000000] ftrace: allocating 39508 entries in 155 pages
[    0.004000] Hierarchical RCU implementation.
[    0.004000] 	RCU restricting CPUs from NR_CPUS=8192 to nr_cpu_ids=2.
[    0.004000] 	Tasks RCU enabled.
[    0.004000] RCU: Adjusting geometry for rcu_fanout_leaf=16, nr_cpu_ids=2
[    0.004000] NR_IRQS: 524544, nr_irqs: 440, preallocated irqs: 16
[    0.004000] random: crng init done
[    0.004000] Console: colour VGA+ 80x25
[    0.004000] console [tty1] enabled
[    0.004000] console [ttyS0] enabled
[    0.004000] ACPI: Core revision 20170831
[    0.004000] ACPI: 2 ACPI AML tables successfully acquired and loaded
[    0.004000] APIC: Switch to symmetric I/O mode setup
[    0.008512] x2apic enabled
[    0.012024] Switched APIC routing to physical x2apic.
[    0.020000] ..TIMER: vector=0x30 apic1=0 pin1=2 apic2=-1 pin2=-1
[    0.020005] tsc: Detected 2297.072 MHz processor
[    0.024054] Calibrating delay loop (skipped) preset value.. 4594.14 BogoMIPS (lpj=9188288)
[    0.028007] pid_max: default: 32768 minimum: 301
[    0.032056] Security Framework initialized
[    0.036035] Yama: becoming mindful.
[    0.040087] AppArmor: AppArmor initialized
[    0.053036] Dentry cache hash table entries: 524288 (order: 10, 4194304 bytes)
[    0.066948] Inode-cache hash table entries: 262144 (order: 9, 2097152 bytes)
[    0.068143] Mount-cache hash table entries: 8192 (order: 4, 65536 bytes)
[    0.072111] Mountpoint-cache hash table entries: 8192 (order: 4, 65536 bytes)
[    0.077523] Last level iTLB entries: 4KB 64, 2MB 8, 4MB 8
[    0.080006] Last level dTLB entries: 4KB 64, 2MB 0, 4MB 0, 1GB 4
[    0.084064] Spectre V1 : Mitigation: usercopy/swapgs barriers and __user pointer sanitization
[    0.088005] Spectre V2 : Mitigation: Retpolines
[    0.092004] Spectre V2 : Spectre v2 / SpectreRSB mitigation: Filling RSB on context switch
[    0.096004] Spectre V2 : Spectre v2 / SpectreRSB : Filling RSB on VMEXIT
[    0.100005] RETBleed: WARNING: Spectre v2 mitigation leaves CPU vulnerable to RETBleed attacks, data leaks possible!
[    0.104005] RETBleed: Vulnerable
[    0.106187] Speculative Store Bypass: Vulnerable
[    0.108108] MDS: Mitigation: Clear CPU buffers
[    0.112004] MMIO Stale Data: Mitigation: Clear CPU buffers
[    0.116018] SRBDS: Unknown: Dependent on hypervisor status
[    0.120236] Freeing SMP alternatives memory: 36K
[    0.244336] APIC calibration not consistent with PM-Timer: 101ms instead of 100ms
[    0.248000] APIC delta adjusted to PM-Timer: 6290984 (6403042)
[    0.248292] smpboot: CPU0: Intel(R) Core(TM) i5-7360U CPU @ 2.30GHz (family: 0x6, model: 0x8e, stepping: 0x9)
[    0.252226] Performance Events: unsupported p6 CPU model 142 no PMU driver, software events only.
[    0.256229] Hierarchical SRCU implementation.
[    0.261128] NMI watchdog: Perf event create on CPU 0 failed with -2
[    0.264006] NMI watchdog: Perf NMI watchdog permanently disabled
[    0.268262] smp: Bringing up secondary CPUs ...
[    0.276042] x86: Booting SMP configuration:
[    0.280007] .... node  #0, CPUs:      #1
[    0.004000] kvm-clock: cpu 1, msr 1:1ff50041, secondary cpu clock
[    0.296081] smp: Brought up 1 node, 2 CPUs
[    0.300015] smpboot: Max logical packages: 1
[    0.304004] smpboot: Total of 2 processors activated (9188.28 BogoMIPS)
[    0.308308] devtmpfs: initialized
[    0.312077] x86/mm: Memory block size: 128MB
[    0.316568] evm: security.selinux
[    0.320004] evm: security.SMACK64
[    0.324003] evm: security.SMACK64EXEC
[    0.328081] evm: security.SMACK64TRANSMUTE
[    0.332007] evm: security.SMACK64MMAP
[    0.336005] evm: security.apparmor
[    0.340006] evm: security.ima
[    0.344004] evm: security.capability
[    0.352200] clocksource: jiffies: mask: 0xffffffff max_cycles: 0xffffffff, max_idle_ns: 7645041785100000 ns
[    0.356020] futex hash table entries: 512 (order: 3, 32768 bytes)
[    0.360146] pinctrl core: initialized pinctrl subsystem
[    0.368835] RTC time:  9:05:45, date: 09/12/24
[    0.376196] NET: Registered protocol family 16
[    0.379370] audit: initializing netlink subsys (disabled)
[    0.384049] audit: type=2000 audit(1726131953.294:1): state=initialized audit_enabled=0 res=1
[    0.388000] cpuidle: using governor ladder
[    0.388022] cpuidle: using governor menu
[    0.392075] ACPI: bus type PCI registered
[    0.396006] acpiphp: ACPI Hot Plug PCI Controller Driver version: 0.5
[    0.400406] PCI: Using configuration type 1 for base access
[    0.410363] HugeTLB registered 2.00 MiB page size, pre-allocated 0 pages
[    0.416545] ACPI: Added _OSI(Module Device)
[    0.416545] ACPI: Added _OSI(Processor Device)
[    0.420000] ACPI: Added _OSI(3.0 _SCP Extensions)
[    0.428054] ACPI: Added _OSI(Processor Aggregator Device)
[    0.428054] ACPI: Added _OSI(Linux-Dell-Video)
[    0.432000] ACPI: Added _OSI(Linux-Lenovo-NV-HDMI-Audio)
[    0.436016] ACPI: Added _OSI(Linux-HPI-Hybrid-Graphics)
[    0.440922] ACPI: Executed 1 blocks of module-level executable AML code
[    0.452550] ACPI: Interpreter enabled
[    0.460027] ACPI: (supports S0 S5)
[    0.464000] ACPI: Using IOAPIC for interrupt routing
[    0.472888] PCI: Using host bridge windows from ACPI; if necessary, use "pci=nocrs" and report a bug
[    0.476376] ACPI: Enabled 2 GPEs in block 00 to 07
[    0.500000] ACPI: PCI Root Bridge [PCI0] (domain 0000 [bus 00-ff])
[    0.500015] acpi PNP0A03:00: _OSC: OS supports [ASPM ClockPM Segments MSI]
[    0.513679] acpi PNP0A03:00: _OSC: not requesting OS control; OS requires [ExtendedConfig ASPM ClockPM MSI]
[    0.520028] acpi PNP0A03:00: fail to add MMCONFIG information, can't access extended PCI configuration space under this bridge.
[    0.540740] PCI host bridge to bus 0000:00
[    0.552008] pci_bus 0000:00: root bus resource [io  0x0000-0x0cf7 window]
[    0.572007] pci_bus 0000:00: root bus resource [io  0x0d00-0xffff window]
[    0.580010] pci_bus 0000:00: root bus resource [mem 0x000a0000-0x000bffff window]
[    0.588007] pci_bus 0000:00: root bus resource [mem 0xe0000000-0xfdffffff window]
[    0.608013] pci_bus 0000:00: root bus resource [bus 00-ff]
[    0.612330] pci 0000:00:01.1: legacy IDE quirk: reg 0x10: [io  0x01f0-0x01f7]
[    0.640008] pci 0000:00:01.1: legacy IDE quirk: reg 0x14: [io  0x03f6]
[    0.656012] pci 0000:00:01.1: legacy IDE quirk: reg 0x18: [io  0x0170-0x0177]
[    0.668008] pci 0000:00:01.1: legacy IDE quirk: reg 0x1c: [io  0x0376]
[    0.756814] pci 0000:00:07.0: quirk: [io  0x4000-0x403f] claimed by PIIX4 ACPI
[    0.768041] pci 0000:00:07.0: quirk: [io  0x4100-0x410f] claimed by PIIX4 SMB
[    0.804777] ACPI: PCI Interrupt Link [LNKA] (IRQs 5 9 10 *11)
[    0.828766] ACPI: PCI Interrupt Link [LNKB] (IRQs 5 9 *10 11)
[    0.832000] ACPI: PCI Interrupt Link [LNKC] (IRQs 5 *9 10 11)
[    0.832000] ACPI: PCI Interrupt Link [LNKD] (IRQs 5 9 10 *11)
[    0.832000] SCSI subsystem initialized
[    0.836125] pci 0000:00:02.0: vgaarb: setting as boot VGA device
[    0.840000] pci 0000:00:02.0: vgaarb: VGA device added: decodes=io+mem,owns=io+mem,locks=none
[    0.860008] pci 0000:00:02.0: vgaarb: bridge control possible
[    0.868004] vgaarb: loaded
[    0.872042] ACPI: bus type USB registered
[    0.880027] usbcore: registered new interface driver usbfs
[    0.880028] usbcore: registered new interface driver hub
[    0.884000] usbcore: registered new device driver usb
[    0.884042] EDAC MC: Ver: 3.0.0
[    0.892024] PCI: Using ACPI for IRQ routing
[    0.896684] NetLabel: Initializing
[    0.904003] NetLabel:  domain hash size = 128
[    0.912005] NetLabel:  protocols = UNLABELED CIPSOv4 CALIPSO
[    0.928089] NetLabel:  unlabeled traffic allowed by default
[    0.932000] clocksource: Switched to clocksource kvm-clock
[    0.974736] VFS: Disk quotas dquot_6.6.0
[    0.979112] VFS: Dquot-cache hash table entries: 512 (order 0, 4096 bytes)
[    0.988507] AppArmor: AppArmor Filesystem Enabled
[    0.993412] pnp: PnP ACPI init
[    0.999690] pnp: PnP ACPI: found 3 devices
[    1.009890] clocksource: acpi_pm: mask: 0xffffff max_cycles: 0xffffff, max_idle_ns: 2085701024 ns
[    1.017899] NET: Registered protocol family 2
[    1.029811] IP idents hash table entries: 65536 (order: 7, 524288 bytes)
[    1.046120] TCP established hash table entries: 32768 (order: 6, 262144 bytes)
[    1.065089] TCP bind hash table entries: 32768 (order: 7, 524288 bytes)
[    1.079733] TCP: Hash tables configured (established 32768 bind 32768)
[    1.097466] UDP hash table entries: 2048 (order: 4, 65536 bytes)
[    1.126131] UDP-Lite hash table entries: 2048 (order: 4, 65536 bytes)
[    1.133978] NET: Registered protocol family 1
[    1.140083] pci 0000:00:00.0: Limiting direct PCI/PCI transfers
[    1.146814] pci 0000:00:01.0: Activating ISA DMA hang workarounds
[    1.157192] pci 0000:00:02.0: Video device with shadowed ROM at [mem 0x000c0000-0x000dffff]
[    1.165214] Unpacking initramfs...
[    1.664828] Freeing initrd memory: 20396K
[    1.664828] PCI-DMA: Using software bounce buffering for IO (SWIOTLB)
[    1.677214] software IO TLB: mapped [mem 0xdbff0000-0xdfff0000] (64MB)
[    1.685856] clocksource: tsc: mask: 0xffffffffffffffff max_cycles: 0x211c67183d2, max_idle_ns: 440795250999 ns
[    1.698059] platform rtc_cmos: registered platform RTC device (no PNP device found)
[    1.705158] Scanning for low memory corruption every 60 seconds
[    1.710435] Initialise system trusted keyrings
[    1.713780] Key type blacklist registered
[    1.718023] workingset: timestamp_bits=36 max_order=20 bucket_order=0
[    1.724875] zbud: loaded
[    1.728823] squashfs: version 4.0 (2009/01/31) Phillip Lougher
[    1.733163] fuse init (API version 7.26)
[    1.743475] Key type asymmetric registered
[    1.747465] Asymmetric key parser 'x509' registered
[    1.752211] Block layer SCSI generic (bsg) driver version 0.4 loaded (major 246)
[    1.758433] io scheduler noop registered
[    1.761566] io scheduler deadline registered
[    1.765522] io scheduler cfq registered (default)
[    1.771120] ACPI: AC Adapter [AC] (on-line)
[    1.774387] input: Power Button as /devices/LNXSYSTM:00/LNXPWRBN:00/input/input0
[    1.794520] ACPI: Power Button [PWRF]
[    1.799504] input: Sleep Button as /devices/LNXSYSTM:00/LNXSLPBN:00/input/input1
[    1.809902] ACPI: Sleep Button [SLPF]
[    1.816054] Serial: 8250/16550 driver, 32 ports, IRQ sharing enabled
[    1.819936] ACPI: Battery Slot [BAT0] (battery present)
[    1.862949] 00:02: ttyS0 at I/O 0x3f8 (irq = 4, base_baud = 115200) is a 1650A
[    1.884110] Linux agpgart interface v0.103
[    1.905056] loop: module loaded
[    1.916867] scsi host0: ata_piix
[    1.923565] scsi host1: ata_piix
[    1.931586] ata1: PATA max UDMA/33 cmd 0x1f0 ctl 0x3f6 bmdma 0xd000 irq 14
[    1.935390] ata2: PATA max UDMA/33 cmd 0x170 ctl 0x376 bmdma 0xd008 irq 15
[    1.950283] tun: Universal TUN/TAP device driver, 1.6
[    1.955710] PPP generic driver version 2.4.2
[    1.959371] ehci_hcd: USB 2.0 'Enhanced' Host Controller (EHCI) Driver
[    1.965811] ehci-pci: EHCI PCI platform driver
[    1.968862] ehci-platform: EHCI generic platform driver
[    1.972785] ohci_hcd: USB 1.1 'Open' Host Controller (OHCI) Driver
[    1.977281] ohci-pci: OHCI PCI platform driver
[    1.980461] ohci-platform: OHCI generic platform driver
[    1.984543] uhci_hcd: USB Universal Host Controller Interface driver
[    1.988925] i8042: PNP: PS/2 Controller [PNP0303:PS2K,PNP0f03:PS2M] at 0x60,0x64 irq 1,12
[    1.996870] serio: i8042 KBD port at 0x60,0x64 irq 1
[    2.000507] serio: i8042 AUX port at 0x60,0x64 irq 12
[    2.004424] mousedev: PS/2 mouse device common for all mice
[    2.010664] rtc_cmos rtc_cmos: rtc core: registered rtc_cmos as rtc0
[    2.016224] input: AT Translated Set 2 keyboard as /devices/platform/i8042/serio0/input/input2
[    2.020543] rtc_cmos rtc_cmos: alarms up to one day, 114 bytes nvram
[    2.030310] i2c /dev entries driver
[    2.032908] device-mapper: uevent: version 1.0.3
[    2.036322] device-mapper: ioctl: 4.37.0-ioctl (2017-09-20) initialised: dm-devel@redhat.com
[    2.042592] ledtrig-cpu: registered to indicate activity on CPUs
[    2.048224] NET: Registered protocol family 10
[    2.064743] Segment Routing with IPv6
[    2.067288] NET: Registered protocol family 17
[    2.070607] Key type dns_resolver registered
[    2.074136] mce: Using 0 MCE banks
[    2.076797] RAS: Correctable Errors collector initialized.
[    2.081689] sched_clock: Marking stable (2081613773, 0)->(4000978988, -1919365215)
[    2.089533] registered taskstats version 1
[    2.092702] Loading compiled-in X.509 certificates
[    2.099521] Loaded X.509 cert 'Build time autogenerated kernel key: cdc7189136aaa35407544516090e2034d9c28e14'
[    2.106390] Loaded X.509 cert 'Canonical Ltd. Live Patch Signing: 14df34d1a87cf37625abec039ef2bf521249b969'
[    2.141069] Loaded X.509 cert 'Canonical Ltd. Kernel Module Signing: 88f752e560a1e0737e31163a466ad7b70a850c19'
[    2.154312] blacklist: Loading compiled-in revocation X.509 certificates
[    2.174166] Loaded X.509 cert 'Canonical Ltd. Secure Boot Signing: 61482aa2830d0ab2ad5af10b7250da9033ddcef0'
[    2.202458] Loaded X.509 cert 'Canonical Ltd. Secure Boot Signing (2017): 242ade75ac4a15e50d50c84b0d45ff3eae707a03'
[    2.212731] Loaded X.509 cert 'Canonical Ltd. Secure Boot Signing (ESM 2018): 365188c1d374d6b07c3c8f240f8ef722433d6a8b'
[    2.219135] Loaded X.509 cert 'Canonical Ltd. Secure Boot Signing (2019): c0746fd6c5da3ae827864651ad66ae47fe24b3e8'
[    2.232722] Loaded X.509 cert 'Canonical Ltd. Secure Boot Signing (2021 v1): a8d54bbb3825cfb94fa13c9f8a594a195c107b8d'
[    2.243502] Loaded X.509 cert 'Canonical Ltd. Secure Boot Signing (2021 v2): 4cf046892d6fd3c9a5b03f98d845f90851dc6a8c'
[    2.252425] Loaded X.509 cert 'Canonical Ltd. Secure Boot Signing (2021 v3): 100437bb6de6e469b581e61cd66bce3ef4ed53af'
[    2.259890] Loaded X.509 cert 'Canonical Ltd. Secure Boot Signing (Ubuntu Core 2019): c1d57b8f6b743f23ee41f4f7ee292f06eecadfb9'
[    2.267799] zswap: loaded using pool lzo/zbud
[    2.277437] Key type big_key registered
[    2.284450] Key type trusted registered
[    2.350800] Key type encrypted registered
[    2.354267] AppArmor: AppArmor sha1 policy hashing enabled
[    2.360736] ima: No TPM chip found, activating TPM-bypass! (rc=-19)
[    2.368690] ima: Allocated hash algorithm: sha1
[    2.374025] evm: HMAC attrs: 0x1
[    2.378102]   Magic number: 8:386:70
[    2.382017]  memory: hash matches
[    2.386522] rtc_cmos rtc_cmos: setting system clock to 2024-09-12 09:05:48 UTC (1726131948)
[    2.395118] BIOS EDD facility v0.16 2004-Jun-25, 0 devices found
[    2.539788] EDD information not available.
[    2.553556] Freeing unused kernel image memory: 2480K
[    2.564747] Write protecting the kernel read-only data: 20480k
[    2.573080] Freeing unused kernel image memory: 2008K
[    2.583750] Freeing unused kernel image memory: 1820K
[    2.664244] x86/mm: Checked W+X mappings: passed, no W+X pages found.
[    2.676699] x86/mm: Checking user space page tables
[    2.699643] x86/mm: Checked W+X mappings: passed, no W+X pages found.
Loading, please wait...
starting version 237
[    3.103379] e1000: Intel(R) PRO/1000 Network Driver - version 7.3.21-k8-NAPI
[    3.179718] e1000: Copyright (c) 1999-2006 Intel Corporation.
[    3.410806] Fusion MPT base driver 3.04.20
[    3.421413] Copyright (c) 1999-2008 LSI Corporation
[    4.000555] input: ImExPS/2 Generic Explorer Mouse as /devices/platform/i8042/serio1/input/input4
[    4.011285] AVX2 version of gcm_enc/dec engaged.
[    4.011376] Fusion MPT SPI Host driver 3.04.20
[    4.017809] AES CTR mode by8 optimization enabled
[    4.747745] e1000 0000:00:03.0 eth0: (PCI:33MHz:32-bit) 02:3b:7b:b7:3b:2d
[    4.753573] e1000 0000:00:03.0 eth0: Intel(R) PRO/1000 Network Connection
[    4.763088] mptbase: ioc0: Initiating bringup
[    4.884539] ioc0: LSI53C1030 A0: Capabilities={Initiator}
[    5.140441] scsi host2: ioc0: LSI53C1030 A0, FwRev=00000000h, Ports=1, MaxQ=256, IRQ=20
[    5.309010] scsi 2:0:0:0: Direct-Access     VBOX     HARDDISK         1.0  PQ: 0 ANSI: 5
[    5.361864] scsi target2:0:0: Beginning Domain Validation
[    5.394422] scsi target2:0:0: Domain Validation skipping write tests
[    5.401975] scsi target2:0:0: Ending Domain Validation
[    5.408213] scsi target2:0:0: asynchronous
[    5.414183] scsi 2:0:1:0: Direct-Access     VBOX     HARDDISK         1.0  PQ: 0 ANSI: 5
[    5.682215] scsi target2:0:1: Beginning Domain Validation
[    5.690445] scsi target2:0:1: Domain Validation skipping write tests
[    5.696130] scsi target2:0:1: Ending Domain Validation
[    5.701378] scsi target2:0:1: asynchronous
[    5.714079] sd 2:0:0:0: [sda] 83886080 512-byte logical blocks: (42.9 GB/40.0 GiB)
[    5.726348] sd 2:0:0:0: Attached scsi generic sg0 type 0
[    5.734019] sd 2:0:0:0: [sda] Write Protect is off
[    5.745207] sd 2:0:1:0: Attached scsi generic sg1 type 0
[    5.759080] sd 2:0:0:0: [sda] Incomplete mode parameter data
[    5.764055] sd 2:0:0:0: [sda] Assuming drive cache: write through
[    5.772710] sd 2:0:1:0: [sdb] 20480 512-byte logical blocks: (10.5 MB/10.0 MiB)
[    5.774041]  sda: sda1
[    5.786578] sd 2:0:0:0: [sda] Attached SCSI disk
[    5.796728] sd 2:0:1:0: [sdb] Write Protect is off
[    5.813350] sd 2:0:1:0: [sdb] Incomplete mode parameter data
[    5.819851] sd 2:0:1:0: [sdb] Assuming drive cache: write through
[    5.835334] sd 2:0:1:0: [sdb] Attached SCSI disk
[    6.046059] e1000 0000:00:08.0 eth1: (PCI:33MHz:32-bit) 08:00:27:0f:d2:b8
[    6.052446] e1000 0000:00:08.0 eth1: Intel(R) PRO/1000 Network Connection
[    6.063607] e1000 0000:00:08.0 enp0s8: renamed from eth1
[    6.077547] e1000 0000:00:03.0 enp0s3: renamed from eth0
Begin: Loading essential drivers ... [    9.576930] raid6: sse2x1   gen()  5950 MB/s
[    9.628049] raid6: sse2x1   xor()  6110 MB/s
[    9.676170] raid6: sse2x2   gen() 10232 MB/s
[    9.724163] raid6: sse2x2   xor()  6575 MB/s
[    9.777505] raid6: sse2x4   gen()  5471 MB/s
[    9.828842] raid6: sse2x4   xor()  8543 MB/s
[    9.888216] raid6: avx2x1   gen() 16288 MB/s
[    9.949314] raid6: avx2x1   xor()  9081 MB/s
[   10.000738] raid6: avx2x2   gen() 20840 MB/s
[   10.052609] raid6: avx2x2   xor() 11016 MB/s
[   10.112181] raid6: avx2x4   gen() 24316 MB/s
[   10.160068] raid6: avx2x4   xor() 17128 MB/s
[   10.163797] raid6: using algorithm avx2x4 gen() 24316 MB/s
[   10.169401] raid6: .... xor() 17128 MB/s, rmw enabled
[   10.173349] raid6: using avx2x2 recovery algorithm
[   10.178875] xor: automatically using best checksumming function   avx       
[   10.184954] async_tx: api initialized (async)
done.
Begin: Running /scripts/init-premount ... done.
Begin: Mounting root file system ... Begin: Running /scripts/local-top ... done.
Begin: Running /scripts/local-premount ... [   10.278433] Btrfs loaded, crc32c=crc32c-intel
Scanning for Btrfs filesystems
done.
Begin: Will now check root file system ... fsck from util-linux 2.31.1
[/sbin/fsck.ext4 (1) -- /dev/sda1] fsck.ext4 -a -C0 /dev/sda1 
cloudimg-rootfs: recovering journal
cloudimg-rootfs: clean, 125638/5120000 files, 1942734/10485499 blocks
done.
[   10.516160] EXT4-fs (sda1): mounted filesystem with ordered data mode. Opts: (null)
done.
Begin: Running /scripts/local-bottom ... done.
Begin: Running /scripts/init-bottom ... done.
[   10.949019] ip_tables: (C) 2000-2006 Netfilter Core Team
[   10.972037] systemd[1]: systemd 237 running in system mode. (+PAM +AUDIT +SELINUX +IMA +APPARMOR +SMACK +SYSVINIT +UTMP +LIBCRYPTSETUP +GCRYPT +GNUTLS +ACL +XZ +LZ4 +SECCOMP +BLKID +ELFUTILS +KMOD -IDN2 +IDN -PCRE2 default-hierarchy=hybrid)
[   10.991468] systemd[1]: Detected virtualization oracle.
[   10.997002] systemd[1]: Detected architecture x86-64.

Welcome to [1mUbuntu 18.04.6 LTS[0m!

[   11.025518] systemd[1]: Set hostname to <master>.
[   11.647597] systemd[1]: Reached target System Time Synchronized.
[[0;32m  OK  [0m] Reached target System Time Synchronized.
[   11.663956] systemd[1]: Started Forward Password Requests to Wall Directory Watch.
[[0;32m  OK  [0m] Started Forward Password Requests to Wall Directory Watch.
[   11.715048] systemd[1]: Reached target User and Group Name Lookups.
[[0;32m  OK  [0m] Reached target User and Group Name Lookups.
[   11.767806] systemd[1]: Created slice System Slice.
[[0;32m  OK  [0m] Created slice System Slice.
[   11.785286] systemd[1]: Listening on Syslog Socket.
[[0;32m  OK  [0m] Listening on Syslog Socket.
[   11.803072] systemd[1]: Listening on Network Service Netlink Socket.
[[0;32m  OK  [0m] Listening on Network Service Netlink Socket.
[[0;32m  OK  [0m] Listening on Journal Audit Socket.
[[0;32m  OK  [0m] Listening on LVM2 poll daemon socket.
[[0;32m  OK  [0m] Listening on fsck to fsckd communication Socket.
[[0;32m  OK  [0m] Listening on Device-mapper event daemon FIFOs.
[[0;32m  OK  [0m] Listening on udev Kernel Socket.
[[0;32m  OK  [0m] Listening on /dev/initctl Compatibility Named Pipe.
[[0;32m  OK  [0m] Listening on Journal Socket (/dev/log).
[[0;32m  OK  [0m] Reached target Swap.
[[0;32m  OK  [0m] Listening on Journal Socket.
         Starting Journal Service...
         Starting Uncomplicated firewall...
         Starting Set the console keyboard layout...
         Mounting Kernel Debug File System...
         Mounting POSIX Message Queue File System...
         Starting Load Kernel Modules...
[[0;32m  OK  [0m] Listening on udev Control Socket.
         Starting udev Coldplug all Devices...
[[0;32m  OK  [0m] Set up automount Arbitrary Executab…rmats File System Automount Point.
[   12.131952] nf_conntrack version 0.5.0 (16384 buckets, 65536 max)
[[0;32m  OK  [0m] Created slice User and Session Slice.
[[0;32m  OK  [0m] Reached target Slices.
         Starting Remount Root and Kernel File Systems...
[[0;32m  OK  [0m] Listening on LVM2 metadata daemon socket.
         Starting Monitoring of LVM2 mirrors…ng dmeventd or progress polling...
[[0;32m  OK  [0m] Created slice system-serial\x2dgetty.slice.
         Starting Create list of required st…ce nodes for the current kernel...
         Mounting Huge Pages Fil[   12.178103] IPVS: Registered protocols (TCP, UDP, SCTP, AH, ESP)
e System...
[[0;32m  OK  [0m] Reached target Mounting snaps.
[[0;32m  OK  [[   12.188658] IPVS: Connection hash table configured (size=4096, memory=32Kbytes)
0m] Reached target Mounted snaps.
[[0;32m  OK  [0m] Started Journal Service.
[[0;32m  OK  [0m] Started Uncomplicated firewall.
[[0;32m  OK  [0m] Mounted Kernel Debug File System.
[[0;32m  OK  [0m] Mounted POSIX Message Queue File System.
[[0;32m  OK  [0m] Mounted Huge Pages File System.
[[0;32m  OK  [0m] Started LVM2 metadata daemon.
[[0;32m  OK  [0m] Started Create list of required sta…vice nodes for the current kernel.
         Starting Create Static Device Nodes in /dev...
[   12.322527] EXT4-fs (sda1): re-mounted. Opts: (null)
[[0;32m  OK  [0m] Started udev Coldplug all Devices.
[[0;32m  OK  [0m] Started Remount Root and Kernel File Systems.
         Starting Load/Save Random Seed...
         Starting Flush Journal to Persistent Storage...
[[0;32m  OK  [0m] Started Monitoring of LVM2 mirrors,…sing dmeventd or progress polling.
[[0;32m  OK  [0m] Started Create Static Device Nodes in /dev.
         Starting udev Kernel Device Manager...
[[0;32m  OK  [0m] Started Load/Save Random Seed.
[   12.425694] systemd-journald[407]: Received request to flush runtime journal from PID 1
[   12.441021] IPVS: ipvs loaded.
[[0;32m  OK  [0m] Started udev Kernel Device Manager.
[[0;32m  OK  [0m] Started Set the console keyboard layout.
[[0;32m  OK  [0m] Started Dispatch Password Requests to Console Directory Watch.
[[0;32m  OK  [0m] Reached target Local Encrypted Volumes.
[   12.511804] IPVS: [rr] scheduler registered.
[[0;32m  OK  [0m] Reached target Local File Systems (Pre).
[[0;32m  OK  [0m] Reached target Local File Systems.
         Starting Tell Plymouth To Write Out Runtime Data...
         Starting ebtables ruleset management...
         Starting Set console font and keymap...
         Starting AppArmor initialization...
[[0;32m  OK  [0m] Started Tell Plymouth To Write Out Runtime Data.
[   12.620286] IPVS: [wrr] scheduler registered.
[[0;32m  OK  [0m] Started Set console font and keymap.
[   12.726144] IPVS: [sh] scheduler registered.
[[0;32m  OK  [0m] Started Flush Journal to Persistent Storage.
         Starting Create Volatile Files and Directories...
[   12.800528] bridge: filtering via arp/ip/ip6tables is no longer available by default. Update your scripts to load br_netfilter if you need this.
[   12.832798] Bridge firewalling registered
[[0;32m  OK  [0m] Started Create Volatile Files and Directories.
         Starting Update UTMP about System Boot/Shutdown...
[   12.905629] Loading iSCSI transport class v2.0-870.
[   12.918150] iscsi: registered transport (tcp)
[   12.941709] iscsi: registered transport (iser)
[[0;32m  OK  [0m] Started Load Kernel Modules.
         Mounting FUSE Control File System...
         Mounting Kernel Configuration File System...
         Starting Apply Kernel Variables...
[[0;32m  OK  [0m] Mounted FUSE Control File System.
[[0;32m  OK  [0m] Mounted Kernel Configuration File System.
[   12.993440] vgdrvHeartbeatInit: Setting up heartbeat to trigger every 2000 milliseconds
[   13.013059] input: Unspecified device as /devices/pci0000:00/0000:00:04.0/input/input5
[   13.059232] vboxguest: misc device minor 57, IRQ 20, I/O port d020, MMIO at 00000000f0400000 (size 0x400000)
[[0;32m  OK  [0m] Started Update UTMP about System Boot/Shutdown.
[[0;32m  OK  [0m] Started Apply Kernel Variables.
[[0;32m  OK  [0m] Started ebtables ruleset management.
[[0;32m  OK  [0m] Found device /dev/ttyS0.
[[0;32m  OK  [0m] Listening on Load/Save RF Kill Switch Status /dev/rfkill Watch.
[[0;32m  OK  [0m] Started AppArmor initialization.
         Starting Load AppArmor profiles managed internally by snapd...
         Starting Initial cloud-init job (pre-networking)...
         Mounting Arbitrary Executable File Formats File System...
[[0;32m  OK  [0m] Mounted Arbitrary Executable File Formats File System.
[[0;32m  OK  [0m] Started Load AppArmor profiles managed internally by snapd.
[   16.329169] cloud-init[562]: Cloud-init v. 23.1.2-0ubuntu0~18.04.1 running 'init-local' at Thu, 12 Sep 2024 09:06:02 +0000. Up 15.93 seconds.
[[0;32m  OK  [0m] Started Initial cloud-init job (pre-networking).
[[0;32m  OK  [0m] Reached target Network (Pre).
         Starting Network Service...
[[0;32m  OK  [0m] Started Network Service.
         Starting Network Name Resolution...
         Starting Wait for Network to be Configured...
[[0;32m  OK  [0m] Started Network Name Resolution.
[[0;32m  OK  [0m] Reached target Network.
[[0;32m  OK  [0m] Reached target Host and Network Name Lookups.
[[0;32m  OK  [0m] Started Wait for Network to be Configured.
         Starting Initial cloud-init job (metadata service crawler)...
[   19.148044] cloud-init[663]: Cloud-init v. 23.1.2-0ubuntu0~18.04.1 running 'init' at Thu, 12 Sep 2024 09:06:05 +0000. Up 18.93 seconds.
[   19.151844] cloud-init[663]: ci-info: ++++++++++++++++++++++++++++++++++++++Net device info+++++++++++++++++++++++++++++++++++++++
[   19.155902] cloud-init[663]: ci-info: +--------+------+-----------------------------+---------------+--------+-------------------+
[   19.159087] cloud-init[663]: ci-info: | Device |  Up  |           Address           |      Mask     | Scope  |     Hw-Address    |
[   19.162234] cloud-init[663]: ci-info: +--------+------+-----------------------------+---------------+--------+-------------------+
[   19.165485] cloud-init[663]: ci-info: | enp0s3 | True |          10.0.2.15          | 255.255.255.0 | global | 02:3b:7b:b7:3b:2d |
[   19.169462] cloud-init[663]: ci-info: | enp0s3 | True |  fe80::3b:7bff:feb7:3b2d/64 |       .       |  link  | 02:3b:7b:b7:3b:2d |
[   19.173066] cloud-init[663]: ci-info: | enp0s8 | True |           10.0.0.2          | 255.255.255.0 | global | 08:00:27:0f:d2:b8 |
[   19.176953] cloud-init[663]: ci-info: | enp0s8 | True | fe80::a00:27ff:fe0f:d2b8/64 |       .       |  link  | 08:00:27:0f:d2:b8 |
[   19.180979] cloud-init[663]: ci-info: |   lo   | True |          127.0.0.1          |   255.0.0.0   |  host  |         .         |
[   19.184810] cloud-init[663]: ci-info: |   lo   | True |           ::1/128           |       .       |  host  |         .         |
[   19.188320] cloud-init[663]: ci-info: +--------+------+-----------------------------+---------------+--------+-------------------+
[   19.200555] cloud-init[663]: ci-info: ++++++++++++++++++++++++++++Route IPv4 info+++++++++++++++++++++++++++++
[   19.204751] cloud-init[663]: ci-info: +-------+-------------+----------+-----------------+-----------+-------+
[   19.208148] cloud-init[663]: ci-info: | Route | Destination | Gateway  |     Genmask     | Interface | Flags |
[   19.211432] cloud-init[663]: ci-info: +-------+-------------+----------+-----------------+-----------+-------+
[   19.214611] cloud-init[663]: ci-info: |   0   |   0.0.0.0   | 10.0.2.2 |     0.0.0.0     |   enp0s3  |   UG  |
[   19.218532] cloud-init[663]: ci-info: |   1   |   10.0.0.0  | 0.0.0.0  |  255.255.255.0  |   enp0s8  |   U   |
[   19.221905] cloud-init[663]: ci-info: |   2   |   10.0.2.0  | 0.0.0.0  |  255.255.255.0  |   enp0s3  |   U   |
[   19.238028] cloud-init[663]: ci-info: |   3   |   10.0.2.2  | 0.0.0.0  | 255.255.255.255 |   enp0s3  |   UH  |
[   19.240893] cloud-init[663]: ci-info: +-------+-------------+----------+-----------------+-----------+-------+
[   19.244522] cloud-init[663]: ci-info: +++++++++++++++++++Route IPv6 info+++++++++++++++++++
[   19.247254] cloud-init[663]: ci-info: +-------+-------------+---------+-----------+-------+
[   19.249996] cloud-init[663]: ci-info: | Route | Destination | Gateway | Interface | Flags |
[   19.252788] cloud-init[663]: ci-info: +-------+-------------+---------+-----------+-------+
[   19.269797] cloud-init[663]: ci-info: |   1   |  fe80::/64  |    ::   |   enp0s8  |   U   |
[   19.272532] cloud-init[663]: ci-info: |   2   |  fe80::/64  |    ::   |   enp0s3  |   U   |
[   19.275276] cloud-init[663]: ci-info: |   4   |    local    |    ::   |   enp0s3  |   U   |
[   19.290653] cloud-init[663]: ci-info: |   5   |    local    |    ::   |   enp0s8  |   U   |
[   19.293650] cloud-init[663]: ci-info: |   6   |   ff00::/8  |    ::   |   enp0s8  |   U   |
[   19.296229] cloud-init[663]: ci-info: |   7   |   ff00::/8  |    ::   |   enp0s3  |   U   |
[   19.298995] cloud-init[663]: ci-info: +-------+-------------+---------+-----------+-------+
[[0;32m  OK  [0m] Started Initial cloud-init job (metadata service crawler).
[[0;32m  OK  [0m] Reached target Cloud-config availability.
[[0;32m  OK  [0m] Reached target Network is Online.
         Starting Availability of block devices...
[[0;32m  OK  [0m] Reached target Remote File Systems (Pre).
[[0;32m  OK  [0m] Reached target Remote File Systems.
[[0;32m  OK  [0m] Reached target System Initialization.
[[0;32m  OK  [0m] Listening on D-Bus System Message Bus Socket.
[[0;32m  OK  [0m] Listening on Open-iSCSI iscsid Socket.
[[0;32m  OK  [0m] Listening on UUID daemon activation socket.
[[0;32m  OK  [0m] Started Daily Cleanup of Temporary Directories.
[[0;32m  OK  [0m] Listening on cloud-init hotplug hook socket.
[[0;32m  OK  [0m] Started Daily apt download activities.
[[0;32m  OK  [0m] Started Ubuntu Advantage Timer for running repeated jobs.
[[0;32m  OK  [0m] Listening on ACPID Listen Socket.
[[0;32m  OK  [0m] Started Daily apt upgrade and clean activities.
[[0;32m  OK  [0m] Started ACPI Events Check.
         Starting Socket activation for snappy daemon.
[[0;32m  OK  [0m] Started Message of the Day.
         Starting LXD - unix socket.
[[0;32m  OK  [0m] Started Discard unused blocks once a week.
[[0;32m  OK  [0m] Reached target Timers.
[[0;32m  OK  [0m] Reached target Paths.
[[0;32m  OK  [0m] Started Availability of block devices.
[[0;32m  OK  [0m] Listening on Socket activation for snappy daemon.
[[0;32m  OK  [0m] Listening on LXD - unix socket.
[[0;32m  OK  [0m] Reached target Sockets.
[[0;32m  OK  [0m] Reached target Basic System.
[[0;32m  OK  [0m] Started D-Bus System Message Bus.
[[0;32m  OK  [0m] Started Deferred execution scheduler.
         Starting LSB: automatic crash report generation...
[[0;32m  OK  [0m] Started Regular background program processing daemon.
         Starting Virtualbox guest utils...
         Starting LXD - container startup/shutdown...
         Starting System Logging Service...
         Starting Login Service...
         Starting Permit User Sessions...
         Starting LSB: Record successful boot for GRUB...
[[0;32m  OK  [0m] Reached target Login Prompts (Pre).
         Starting OpenBSD Secure Shell server...
[[0;32m  OK  [0m] Started FUSE filesystem for LXC.
         Starting Dispatcher daemon for systemd-networkd...
[[0;32m  OK  [0m] Started irqbalance daemon.
         Starting containerd container runtime...
[[0;32m  OK  [0m] Started kubelet: The Kubernetes Node Agent.
         Starting Accounts Service...
         Starting LSB: ipvsadm daemon...
         Starting Snap Daemon...
[[0;32m  OK  [0m] Started System Logging Service.
[[0;32m  OK  [0m] Started Permit User Sessions.
[[0;32m  OK  [0m] Started Login Service.
[[0;32m  OK  [0m] Started Unattended Upgrades Shutdown.
         Starting Hold until boot process finishes up...
         Starting Terminate Plymouth Boot Screen...
[[0;32m  OK  [0m] Started Hold until boot process finishes up.
[[0;32m  OK  [0m] Started Terminate Plymouth Boot Screen.
[[0;32m  OK  [0m] Started Serial Getty on ttyS0.
         Starting Set console scheme...
[[0;32m  OK  [0m] Started OpenBS[[0;32m  OK  [0m] Stopped target Graphical Interface.
[[0;32m  OK  [0m] Stopped target Cloud-init target.
         Stopping User Manager for UID 1000...
[[0;32m  OK  [0m] Closed Load/Save RF Kill Switch Status /dev/rfkill Watch.
[[0;32m  OK  [0m] Stopped target Timers.
[[0;32m  OK  [0m] Stopped Daily apt upgrade and clean activities.
[[0;32m  OK  [0m] Stopped target Host and Network Name Lookups.
         Stopping Availability of block devices...
[[0;32m  OK  [0m] Stopped Daily apt download activities.
         Stopping Session 21 of user vagrant.
[[0;32m  OK  [0m] Stopped Execute cloud user/final scripts.
[[0;32m  OK  [0m] Stopped target Multi-User System.
[[0;32m  OK  [0m] Stopped target Login Prompts.
         Stopping Serial Getty on ttyS0...
         Stopping Getty on tty1...
         Stopping System Logging Service...
         Stopping Dispatcher daemon for systemd-networkd...
         Stopping OpenBSD Secure Shell server...
         Stopping D-Bus System Message Bus...
         Stopping LSB: automatic crash report generation...
         Stopping FUSE filesystem for LXC...
         Stopping Virtualbox guest utils...
         Stopping irqbalance daemon...
[[0;32m  OK  [0m] Stopped Ubuntu Advantage Timer for running repeated jobs.
         Stopping Accounts Service...
[[0;32m  OK  [0m] Stopped Apply the settings specified in cloud-config.
[[0;32m  OK  [0m] Stopped target Network is Online.
[[0;32m  OK  [0m] Stopped target Cloud-config availability.
[[0;32m  OK  [0m] Stopped Message of the Day.
         Stopping Deferred execution scheduler...
[[0;32m  OK  [0m] Stopped Daily Cleanup of Temporary Directories.
         Stopping LSB: Record successful boot for GRUB...
         Stopping LXD - container startup/shutdown...
[[0;32m  OK  [0m] Stopped Discard unused blocks once a week.[[0;32m  OK  [0m] Stopped Unattended Upgrades Shutdown.
         Stopping Session 3 of user vagrant.
         Stopping libcontainer container a69…89d04ff594c25c0b40ce6f1f5382b586b.
         Stopping libcontainer container 9ef…a744889a99da70492603e005b2e7577a6.
         Stopping libcontainer container a87…a2a4946da7c00e8ce87956698715b384b.
         Stopping libcontainer container f1e…43750474cd15f3b5d72426cc7a8266687.
         Stopping libcontainer container 417…9b4ac3095eca19ce660991404bbd14d53.
         Stopping libcontainer container 8a9…5655b508ddca72935cad4018346a72b29.
         Stopping Availability of block devices...
         Stopping libcontainer container 3cf…f6e806b6b826e70fd892dabe4d2c82d77.
         Stopping libcontainer container e2b…7b46854d27ceaf0de14fb09ae01e51be4.
         Stopping libcontainer container 624…e1ab7675699c2774da7f7cc1230862aab.
         Stopping libcontainer container bc8…992665ce321aa0d15525097fee881f05f.
         Stopping libcontainer container 184…6035d11522c83977c1e26261e6c4b98c5.
         Stopping libcontainer container 432…8cc12034fa132f07f73fab83f409188c6.
         Stopping libcontainer container 053…939ea8d52a0cb9efec58bde6b17820d6b.
         Stopping libcontainer container 887…97a9d8f63ea9f9c1937e26f968445b039.
[[0;32m  OK  [0m] Stopped target Host and Network Name Lookups.
         Stopping libcontainer container ee2…a84bc33d097041094e48b40dce25beec4.
         Stopping Authorization Manager...
         Stopping libcontainer container 8f7…0a6b1d351f5ef231a81e4fcb3663585cf.
         Stopping libcontainer container 52c…cffef94125ba83c19e6de433265a0277a.
         Stopping libcontainer container a5d…7579022a6d2ca702f9751cb899d7e63d1.
[[0;32m  OK  [0m] Closed Load/Save RF Kill Switch Status /dev/rfkill Watch.
         Stopping libcontainer container 2d6…e60a60b14e106e267360089671d573f70.
[[0;32m  OK  [0m] Stopped target Graphical Interface.
         Stopping libcontainer container 306…6c17fdd2c73605fb898808c6fd7c9b27d.
         Stopping Session 21 of user vagrant.
         Stopping User Manager for UID 1000...
         Stopping libcontainer container 043…d3e28c0d1b51a30ddfb80819c8231170c.
         Stopping libcontainer container 25e…c381e305b4bb11b7c8026d91471b807b6.
         Stopping libcontainer container 605…f2e5aabe69bacf50ed113ddf27df509f5.
         Stopping libcontainer container e8d…8ed8cdf17c7d2e977e248f3eba71f44e4.
         Stopping Accounts Service...
[[0;32m  OK  [0m] Stopped target Timers.
[[0;32m  OK  [0m] Stopped Discard unused blocks once a week.
[[0;32m  OK  [0m] Stopped Message of the Day.
[[0;32m  OK  [0m] Stopped Ubuntu Advantage Timer for running repeated jobs.
[[0;32m  OK  [0m] Stopped Daily Cleanup of Temporary Directories.
[[0;32m  OK  [0m] Stopped Daily apt upgrade and clean activities.
[[0;32m  OK  [0m] Stopped Daily apt download activities.
[[0;32m  OK  [0m] Stopped target System Time Synchronized.
[[0;32m  OK  [0m] Stopped target Cloud-init target.
[[0;32m  OK  [0m] Stopped Execute cloud user/final scripts.
[[0;32m  OK  [0m] Stopped Apply the settings specified in cloud-config.
[[0;32m  OK  [0m] Stopped target Cloud-config availability.
[[0;32m  OK  [0m] Stopped target Multi-User System.
[[0;32m  OK  [0m] Stopped Wait until snapd is fully seeded.
         Stopping kubelet: The Kubernetes Node Agent...
         Stopping System Logging Service...
         Stopping LXD - container startup/shutdown...
         Stopping containerd container runtime...
[[0;32m  OK  [0m] Stopped target Login Prompts.
         Stopping Serial Getty on ttyS0...
         Stopping Getty on tty1...
         Stopping OpenBSD Secure Shell server...
         Stopping irqbalance daemon...
         Stopping D-Bus System Message Bus...
         Stopping LSB: Record successful boot for GRUB...
         Stopping LSB: automatic crash report generation...
         Stopping Dispatcher daemon for systemd-networkd...
         Stopping Regular background program processing daemon...
         Stopping Deferred execution scheduler...
         Stopping LSB: ipvsadm daemon...
         Stopping FUSE filesystem for LXC...
         Stopping Virtualbox guest utils...
         Stopping libcontainer container 839…e6a3e8ccfa802caecb84fbb22b5f4bdab.
         Stopping libcontainer container 6b6…d8d09b5191f37ed4ffefb390b56042353.
[[0;32m  OK  [0m] Stopped Deferred execution scheduler.
[[0;32m  OK  [0m] Stopped Regular background program processing daemon.
[[0;32m  OK  [0m] Stopped Dispatcher daemon for systemd-networkd.
[[0;32m  OK  [0m] Unmounted /var/lib/lxcfs.
[[0;32m  OK  [0m] Stopped irqbalance daemon.
[[0;32m  OK  [0m] Stopped Accounts Service.
[[0;32m  OK  [0m] Stopped Serial Getty on ttyS0.
[[0;32m  OK  [0m] Stopped OpenBSD Secure Shell server.
[[0;32m  OK  [0m] Stopped Getty on tty1.
[[0;32m  OK  [0m] Stopped Authorization Manager.
[[0;32m  OK  [0m] Stopped User Manager for UID 1000.
[[0;32m  OK  [0m] Stopped FUSE filesystem for LXC.
[[0;32m  OK  [0m] Stopped libcontainer container 3cf2…f6e806b6b826e70fd892dabe4d2c82d77.
[[0;32m  OK  [0m] Stopped libcontainer container 417c…9b4ac3095eca19ce660991404bbd14d53.
[[0;32m  OK  [0m] Stopped libcontainer container 8393…e6a3e8ccfa802caecb84fbb22b5f4bdab.
[[0;32m  OK  [0m] Stopped libcontainer container a872…a2a4946da7c00e8ce87956698715b384b.
[[0;32m  OK  [0m] Stopped libcontainer container 2d6c…e60a60b14e106e267360089671d573f70.
[[0;32m  OK  [0m] Stopped libcontainer container ee25…a84bc33d097041094e48b40dce25beec4.
[[0;32m  OK  [0m] Stopped System Logging Service.
[[0;32m  OK  [0m] Stopped Availability of block devices.
[[0;32m  OK  [0m] Stopped D-Bus System Message Bus.
[[0;32m  OK  [0m] Stopped libcontainer container 6b65…d8d09b5191f37ed4ffefb390b56042353.
[[0;32m  OK  [0m] Stopped libcontainer container 0536…939ea8d52a0cb9efec58bde6b17820d6b.
[[0;32m  OK  [0m] Stopped libcontainer container 8a9f…5655b508ddca72935cad4018346a72b29.
[[0;32m  OK  [0m] Stopped libcontainer container 25e5…c381e305b4bb11b7c8026d91471b807b6.
[[0;32m  OK  [0m] Stopped libcontainer container a5d9…7579022a6d2ca702f9751cb899d7e63d1.
[[0;32m  OK  [0m] Stopped libcontainer container 6057…f2e5aabe69bacf50ed113ddf27df509f5.
[[0;32m  OK  [0m] Stopped libcontainer container e2b2…7b46854d27ceaf0de14fb09ae01e51be4.
[[0;32m  OK  [0m] Stopped libcontainer container 9ef3…a744889a99da70492603e005b2e7577a6.
[[0;32m  OK  [0m] Stopped libcontainer container 8878…97a9d8f63ea9f9c1937e26f968445b039.
[[0;32m  OK  [0m] Stopped libcontainer container 4321…8cc12034fa132f07f73fab83f409188c6.
[[0;32m  OK  [0m] Stopped libcontainer container e8dd…8ed8cdf17c7d2e977e248f3eba71f44e4.
[[0;32m  OK  [0m] Stopped libcontainer container 184a…6035d11522c83977c1e26261e6c4b98c5.
[[0;32m  OK  [0m] Stopped libcontainer container f1e0…43750474cd15f3b5d72426cc7a8266687.
[[0;32m  OK  [0m] Stopped libcontainer container 3063…6c17fdd2c73605fb898808c6fd7c9b27d.
[[0;32m  OK  [0m] Stopped libcontainer container 8f7f…0a6b1d351f5ef231a81e4fcb3663585cf.
[[0;32m  OK  [0m] Stopped libcontainer container 6249…e1ab7675699c2774da7f7cc1230862aab.
[[0;32m  OK  [0m] Stopped Session 21 of user vagrant.
[[0;32m  OK  [0m] Stopped LXD - container startup/shutdown.
[[0;32m  OK  [0m] Stopped kubelet: The Kubernetes Node Agent.
[[0;32m  OK  [0m] Stopped LSB: ipvsadm daemon.
[[0;32m  OK  [0m] Stopped target Network is Online.
[[0;32m  OK  [0m] Removed slice libcontainer containe…d4b9bc73119c06969a515fbfb41.slice.
[[0;32m  OK  [0m] Removed slice libcontainer containe…e556_4a85_8955_ccebc5d9fd81.slice.
[[0;32m  OK  [0m] Removed slice libcontainer containe…cffaa07d21cd820161ce05b68da.slice.
[[0;32m  OK  [0m] Removed slice libcontainer containe…125c_48b0_a88a_438aae283ef7.slice.
[[0;32m  OK  [0m] Removed slice libcontainer containe…3c92_42bf_b25b_305ce38b7ddc.slice.
[[0;32m  OK  [0m] Removed slice libcontainer containe…3bb3_44df_a0a5_617872662e09.slice.
[[0;32m  OK  [0m] Removed slice libcontainer containe…0f6861601712b01483cc2e8139e.slice.
[[0;32m  OK  [0m] Removed slice libcontainer containe…6db3_424b_acdc_0d12848a12f3.slice.
[[0;32m  OK  [0m] Removed slice libcontainer container kubepods-besteffort.slice.
[[0;32m  OK  [0m] Removed slice system-getty.slice.
[[0;32m  OK  [0m] Removed slice system-serial\x2dgetty.slice.
[[0;32m  OK  [0m] Stopped target Login Prompts (Pre).
[[0;32m  OK  [0m] Stopped LSB: Record successful boot for GRUB.
[[0;32m  OK  [0m] Stopped LSB: automatic crash report generation.
[[0;32m  OK  [0m] Stopped Session 3 of user vagrant.
[[0;32m  OK  [0m] Removed slice User Slice of vagrant.
         Stopping Permit User Sessions...
         Stopping Login Service...
[[0;32m  OK  [0m] Stopped Virtualbox guest utils.
[[0;32m  OK  [0m] Stopped Permit User Sessions.
[[0;32m  OK  [0m] Stopped target Remote File Systems.
[[0;32m  OK  [0m] Stopped target Remote File Systems (Pre).
[[0;32m  OK  [0m] Stopped Login Service.
[[0;32m  OK  [0m] Stopped target User and Group Name Lookups.
[[0;32m  OK  [0m] Stopped containerd container runtime.
[[0;32m  OK  [0m] Stopped target Network.
         Stopping Network Name Resolution...
[[0;32m  OK  [0m] Stopped target Basic System.
[[0;32m  OK  [0m] Stopped target Slices.
[[0;32m  OK  [0m] Removed slice User and Session Slice.
[[0;32m  OK  [0m] Stopped target Sockets.
[[0;32m  OK  [0m] Closed Syslog Socket.
[[0;32m  OK  [0m] Closed UUID daemon activation socket.
[[0;32m  OK  [0m] Closed Socket activation for snappy daemon.
[[0;32m  OK  [0m] Closed cloud-init hotplug hook socket.
[[0;32m  OK  [0m] Closed Open-iSCSI iscsid Socket.
[[0;32m  OK  [0m] Closed ACPID Listen Socket.
[[0;32m  OK  [0m] Closed LXD - unix socket.
[[0;32m  OK  [0m] Closed D-Bus System Message Bus Socket.
[[0;32m  OK  [0m] Stopped target Paths.
[[0;32m  OK  [0m] Stopped ACPI Events Check.
[[0;32m  OK  [0m] Stopped target System Initialization.
         Stopping Update UTMP about System Boot/Shutdown...
[[0;32m  OK  [0m] Stopped Initial cloud-init job (metadata service crawler).
         Stopping Load/Save Random Seed...
[[0;32m  OK  [0m] Stopped target Local Encrypted Volumes.
[[0;32m  OK  [0m] Stopped Forward Password Requests to Wall Directory Watch.
[[0;32m  OK  [0m] Stopped Dispatch Password Requests to Console Directory Watch.
[[0;32m  OK  [0m] Stopped Network Name Resolution.
[[0;32m  OK  [0m] Stopped Load/Save Random Seed.
[[0;32m  OK  [0m] Stopped libcontainer container 0435…d3e28c0d1b51a30ddfb80819c8231170c.
[[0;32m  OK  [0m] Removed slice libcontainer containe…2b5fa0aff791cdb660131d641c4.slice.
         Stopping Network Service...
[[0;32m  OK  [0m] Stopped Update UTMP about System Boot/Shutdown.
[[0;32m  OK  [0m] Stopped Create Volatile Files and Directories.
[[0;32m  OK  [0m] Stopped target Local File Systems.
         Unmounting /run/netns/cni-1389fc83-b99d-8265-f5c5-2b23e87fabd8...
         Unmounting /run/containerd/io.conta…826e70fd892dabe4d2c82d77/rootfs...
         Unmounting /var/lib/kubelet/pods/48…projected/kube-api-access-gjxs6...
         Unmounting /run/containerd/io.conta…a0cb9efec58bde6b17820d6b/rootfs...
         Unmounting /run/containerd/io.conta…1f37ed4ffefb390b56042353/rootfs...
         Unmounting /run/containerd/io.conta…e106e267360089671d573f70/rootfs...
         Unmounting /var/lib/kubelet/pods/67…projected/kube-api-access-85cgs...
         Unmounting /run/containerd/io.conta…5191f37ed4ffefb390b56042353/shm...
         Unmounting /run/containerd/io.conta…4c25c0b40ce6f1f5382b586b/rootfs...
         Unmounting /run/containerd/io.conta…ccfa802caecb84fbb22b5f4bdab/shm...
         Unmounting /run/netns/cni-e7470ed0-0a58-cfbb-8a8d-966abd48aff6...
         Unmounting /var/lib/kubelet/pods/14…kubernetes.io~secret/node-certs...
         Unmounting /run/containerd/io.conta…6da7c00e8ce87956698715b384b/shm...
         Unmounting /run/containerd/io.conta…a802caecb84fbb22b5f4bdab/rootfs...
         Unmounting /run/containerd/io.conta…2c83977c1e26261e6c4b98c5/rootfs...
         Unmounting /run/containerd/io.conta…9a99da70492603e005b2e7577a6/shm...
         Unmounting /var/lib/kubelet/pods/14…projected/kube-api-access-qvgcs...
         Unmounting /run/containerd/io.conta…2a6d2ca702f9751cb899d7e63d1/shm...
         Unmounting /run/containerd/io.conta…f5ef231a81e4fcb3663585cf/rootfs...
         Unmounting /run/containerd/io.conta…7c00e8ce87956698715b384b/rootfs...
         Unmounting /run/containerd/io.conta…b51a30ddfb80819c8231170c/rootfs...
         Unmounting /var/lib/kubelet/pods/45…projected/kube-api-access-qlhqm...
         Unmounting /run/containerd/io.conta…a132f07f73fab83f409188c6/rootfs...
         Unmounting /run/containerd/io.conta…08ddca72935cad4018346a72b29/shm...
         Unmounting /run/containerd/io.conta…9da70492603e005b2e7577a6/rootfs...
         Unmounting /run/netns/cni-87bc4b74-6c70-e867-3250-f3dccea0daf6...
         Unmounting /var/lib/kubelet/pods/14…/tigera-ca-bundle/calico-node/1...
         Unmounting /run/containerd/io.conta…c7d2e977e248f3eba71f44e4/rootfs...
         Unmounting /run/containerd/io.conta…21aa0d15525097fee881f05f/rootfs...
         Unmounting /run/containerd/io.conta…5ba83c19e6de433265a0277a/rootfs...
         Unmounting /run/containerd/io.conta…be69bacf50ed113ddf27df509f5/shm...
         Unmounting /var/lib/kubelet/pods/0b…projected/kube-api-access-rm9cp...
         Unmounting /run/containerd/io.conta…4d27ceaf0de14fb09ae01e51be4/shm...
         Unmounting /var/lib/kubelet/pods/7d…projected/kube-api-access-tkfkm...
         Unmounting /run/containerd/io.conta…7ceaf0de14fb09ae01e51be4/rootfs...
         Unmounting /var/lib/kubelet/pods/00…projected/kube-api-access-gvsth...
         Unmounting /run/containerd/io.conta…9bacf50ed113ddf27df509f5/rootfs...
         Unmounting /run/containerd/io.conta…34fa132f07f73fab83f409188c6/shm...
         Unmounting /run/containerd/io.conta…3d097041094e48b40dce25beec4/shm...
         Unmounting /run/netns/cni-6a17c777-5dff-4a87-bab7-78c5af310297...
         Unmounting /run/containerd/io.conta…97041094e48b40dce25beec4/rootfs...
         Unmounting /run/containerd/io.conta…dca72935cad4018346a72b29/rootfs...
         Unmounting /run/containerd/io.conta…eca19ce660991404bbd14d53/rootfs...
         Unmounting /run/user/1000...
         Unmounting /var/lib/kubelet/pods/9d…undle/calico-kube-controllers/1...
         Unmounting /var/lib/kubelet/pods/67…o~secret/calico-apiserver-certs...
         Unmounting /run/containerd/io.conta…f63ea9f9c1937e26f968445b039/shm...
[[0;32m  OK  [0m] Stopped target Mounted snaps.
[[0;32m  OK  [0m] Stopped target Mounting snaps.
         Unmounting /run/containerd/io.conta…b14e106e267360089671d573f70/shm...
         Unmounting /run/containerd/io.conta…99c2774da7f7cc1230862aab/rootfs...
         Unmounting /var/lib/kubelet/pods/9d…projected/kube-api-access-6d8q9...
         Unmounting /run/containerd/io.conta…ea9f9c1937e26f968445b039/rootfs...
         Unmounting /run/netns/cni-2cbdf0c7-487a-1f03-a5f9-19a7eaca6d35...
         Unmounting /run/containerd/io.conta…4bb11b7c8026d91471b807b6/rootfs...
         Unmounting /run/containerd/io.conta…d15f3b5d72426cc7a8266687/rootfs...
         Unmounting /run/containerd/io.conta…73605fb898808c6fd7c9b27d/rootfs...
         Unmounting /run/containerd/io.conta…d2ca702f9751cb899d7e63d1/rootfs...
[[0;32m  OK  [0m] Stopped Network Service.
[[0;32m  OK  [0m] Unmounted /run/netns/cni-1389fc83-b99d-8265-f5c5-2b23e87fabd8.
[[0;32m  OK  [0m] Unmounted /run/containerd/io.contai…6b826e70fd892dabe4d2c82d77/rootfs.
[[0;32m  OK  [0m] Unmounted /var/lib/kubelet/pods/489…o~projected/kube-api-access-gjxs6.
[[0;32m  OK  [0m] Unmounted /run/containerd/io.contai…52a0cb9efec58bde6b17820d6b/rootfs.
[[0;32m  OK  [0m] Unmounted /run/containerd/io.contai…191f37ed4ffefb390b56042353/rootfs.
[[0;32m  OK  [0m] Unmounted /run/containerd/io.contai…14e106e267360089671d573f70/rootfs.
[[0;32m  OK  [0m] Unmounted /var/lib/kubelet/pods/679…o~projected/kube-api-access-85cgs.
[[0;32m  OK  [0m] Unmounted /run/containerd/io.contai…9b5191f37ed4ffefb390b56042353/shm.
[[0;32m  OK  [0m] Unmounted /run/containerd/io.contai…594c25c0b40ce6f1f5382b586b/rootfs.
[[0;32m  OK  [0m] Unmounted /run/containerd/io.contai…e8ccfa802caecb84fbb22b5f4bdab/shm.
[[0;32m  OK  [0m] Unmounted /run/netns/cni-e7470ed0-0a58-cfbb-8a8d-966abd48aff6.
[[0;32m  OK  [0m] Unmounted /var/lib/kubelet/pods/14d…s/kubernetes.io~secret/node-certs.
[[0;32m  OK  [0m] Unmounted /run/containerd/io.contai…946da7c00e8ce87956698715b384b/shm.
[[0;32m  OK  [0m] Unmounted /run/containerd/io.contai…cfa802caecb84fbb22b5f4bdab/rootfs.
[[0;32m  OK  [0m] Unmounted /run/containerd/io.contai…522c83977c1e26261e6c4b98c5/rootfs.
[[0;32m  OK  [0m] Unmounted /run/containerd/io.contai…889a99da70492603e005b2e7577a6/shm.
[[0;32m  OK  [0m] Unmounted /var/lib/kubelet/pods/14d…o~projected/kube-api-access-qvgcs.
[[0;32m  OK  [0m] Unmounted /run/containerd/io.contai…022a6d2ca702f9751cb899d7e63d1/shm.
[[0;32m  OK  [0m] Unmounted /run/containerd/io.contai…51f5ef231a81e4fcb3663585cf/rootfs.
[[0;32m  OK  [0m] Unmounted /run/containerd/io.contai…da7c00e8ce87956698715b384b/rootfs.
[[0;32m  OK  [0m] Unmounted /run/containerd/io.contai…d1b51a30ddfb80819c8231170c/rootfs.
[[0;32m  OK  [0m] Unmounted /var/lib/kubelet/pods/45f…o~projected/kube-api-access-qlhqm.
[[0;32m  OK  [0m] Unmounted /run/containerd/io.contai…4fa132f07f73fab83f409188c6/rootfs.
[[0;32m  OK  [0m] Unmounted /run/containerd/io.contai…b508ddca72935cad4018346a72b29/shm.
[[0;32m  OK  [0m] Unmounted /run/containerd/io.contai…a99da70492603e005b2e7577a6/rootfs.
[[0;32m  OK  [0m] Unmounted /run/netns/cni-87bc4b74-6c70-e867-3250-f3dccea0daf6.
[[0;32m  OK  [0m] Unmounted /var/lib/kubelet/pods/14d…hs/tigera-ca-bundle/calico-node/1.
[[0;32m  OK  [0m] Unmounted /run/containerd/io.contai…17c7d2e977e248f3eba71f44e4/rootfs.
[[0;32m  OK  [0m] Unmounted /run/containerd/io.contai…e321aa0d15525097fee881f05f/rootfs.
[[0;32m  OK  [0m] Unmounted /run/containerd/io.contai…125ba83c19e6de433265a0277a/rootfs.
[[0;32m  OK  [0m] Unmounted /run/containerd/io.contai…aabe69bacf50ed113ddf27df509f5/shm.
[[0;32m  OK  [0m] Unmounted /var/lib/kubelet/pods/0b8…o~projected/kube-api-access-rm9cp.
[[0;32m  OK  [0m] Unmounted /run/containerd/io.contai…854d27ceaf0de14fb09ae01e51be4/shm.
[[0;32m  OK  [0m] Unmounted /var/lib/kubelet/pods/7dc…o~projected/kube-api-access-tkfkm.
[[0;32m  OK  [0m] Unmounted /run/containerd/io.contai…d27ceaf0de14fb09ae01e51be4/rootfs.
[[0;32m  OK  [0m] Unmounted /var/lib/kubelet/pods/003…o~projected/kube-api-access-gvsth.
[[0;32m  OK  [0m] Unmounted /run/containerd/io.contai…e69bacf50ed113ddf27df509f5/rootfs.
[[0;32m  OK  [0m] Unmounted /run/containerd/io.contai…2034fa132f07f73fab83f409188c6/shm.
[[0;32m  OK  [0m] Unmounted /run/containerd/io.contai…c33d097041094e48b40dce25beec4/shm.
[[0;32m  OK  [0m] Unmounted /run/netns/cni-6a17c777-5dff-4a87-bab7-78c5af310297.
[[0;32m  OK  [0m] Unmounted /run/containerd/io.contai…d097041094e48b40dce25beec4/rootfs.
[[0;32m  OK  [0m] Unmounted /run/containerd/io.contai…8ddca72935cad4018346a72b29/rootfs.
[[0;32m  OK  [0m] Unmounted /run/containerd/io.contai…95eca19ce660991404bbd14d53/rootfs.
[[0;32m  OK  [0m] Unmounted /run/user/1000.
[[0;32m  OK  [0m] Unmounted /var/lib/kubelet/pods/9d0…-bundle/calico-kube-controllers/1.
[[0;32m  OK  [0m] Unmounted /var/lib/kubelet/pods/679….io~secret/calico-apiserver-certs.
[[0;32m  OK  [0m] Unmounted /run/containerd/io.contai…d8f63ea9f9c1937e26f968445b039/shm.
[[0;32m  OK  [0m] Unmounted /run/containerd/io.contai…60b14e106e267360089671d573f70/shm.
[[0;32m  OK  [0m] Unmounted /run/containerd/io.contai…5699c2774da7f7cc1230862aab/rootfs.
[[0;32m  OK  [0m] Unmounted /var/lib/kubelet/pods/9d0…o~projected/kube-api-access-6d8q9.
[[0;32m  OK  [0m] Unmounted /run/containerd/io.contai…63ea9f9c1937e26f968445b039/rootfs.
[[0;32m  OK  [0m] Unmounted /run/netns/cni-2cbdf0c7-487a-1f03-a5f9-19a7eaca6d35.
[[0;32m  OK  [0m] Unmounted /run/containerd/io.contai…5b4bb11b7c8026d91471b807b6/rootfs.
[[0;32m  OK  [0m] Unmounted /run/containerd/io.contai…4cd15f3b5d72426cc7a8266687/rootfs.
[[0;32m  OK  [0m] Unmounted /run/containerd/io.contai…2c73605fb898808c6fd7c9b27d/rootfs.
[[0;32m  OK  [0m] Unmounted /run/containerd/io.contai…a6d2ca702f9751cb899d7e63d1/rootfs.
[[0;32m  OK  [0m] Stopped target Swap.
[[0;32m  OK  [0m] Reached target Unmount All Filesystems.
[[0;32m  OK  [0m] Stopped target Local File Systems (Pre).
[[0;32m  OK  [0m] Stopped Create Static Device Nodes in /dev.
         Stopping Monitoring of LVM2 mirrors…ng dmeventd or progress polling...
[[0;32m  OK  [0m] Stopped Apply Kernel Variables.
[[0;32m  OK  [0m] Stopped Load Kernel Modules.
[[0;32m  OK  [0m] Stopped target Network (Pre).
[[0;32m  OK  [0m] Stopped Initial cloud-init job (pre-networking).
[[0;32m  OK  [0m] Stopped Remount Root and Kernel File Systems.
[[0;32m  OK  [0m] Stopped Monitoring of LVM2 mirrors,…sing dmeventd or progress polling.
         Stopping LVM2 metadata daemon...
[[0;32m  OK  [0m] Stopped LVM2 metadata daemon.
[[0;32m  OK  [0m] Stopped libcontainer container bc83…992665ce321aa0d15525097fee881f05f.
[[0;32m  OK  [0m] Removed slice libcontainer containe…32ff_49c3_9c76_d4a8c462fa3c.slice.
[[0;32m  OK  [0m] Stopped libcontainer container 52cc…cffef94125ba83c19e6de433265a0277a.
[[0;32m  OK  [0m] Removed slice libcontainer containe…10d0_4c0b_9687_80a08b4f819c.slice.
[[0;31m*[0;1;31m*[0m[0;31m*   [0m] A stop job is running for libcontai…40ce6f1f5382b586b (10s / 1min 30s)[K[[0;1;31m*[0m[0;31m*    [0m] A stop job is running for libcontai…40ce6f1f5382b586b (11s / 1min 30s)[K[[0m[0;31m*     [0m] A stop job is running for libcontai…40ce6f1f5382b586b (11s / 1min 30s)[K[[0;32m  OK  [0m] Stopped libcontainer container a695…89d04ff594c25c0b40ce6f1f5382b586b.
[[0;32m  OK  [0m] Removed slice libcontainer containe…b21f_40e4_9d5e_1780864e638b.slice.
[[0;32m  OK  [0m] Removed slice libcontainer container kubepods-burstable.slice.
[[0;32m  OK  [0m] Removed slice libcontainer container kubepods.slice.
[[0;32m  OK  [0m] Reached target Shutdown.
[[0;32m  OK  [0m] Reached target Final Step.
         Starting Power-Off...
[28054.078053] reboot: Power down
/78…ernetes.io~secret/config-volume...
         Unmounting /run/containerd/io.conta…93bbc1d7eabcc4ef7fe8927e/rootfs...
         Unmounting /var/lib/kubelet/pods/d1…ubernetes.io~secret/typha-certs...
         Unmounting /var/lib/kubelet/pods/78…kubernetes.io~secret/web-config...
         Unmounting /run/containerd/io.conta…6536e532544aede244059480/rootfs...
         Unmounting /var/lib/kubelet/pods/46…kubernetes.io~secret/web-config...
         Unmounting /run/containerd/io.conta…efffc1381ead4421a972c03b/rootfs...
         Unmounting /run/netns/cni-21259cf5-0304-5946-2f26-79f16f9b0bef...
         Unmounting /run/containerd/io.conta…e8ad282c10c3f8cf5b5ba8cec94/shm...
         Unmounting /run/containerd/io.conta…821fd2ec4a0b23844c02eb50b72/shm...
         Unmounting /run/containerd/io.conta…e9841512af4605b4f8329af4/rootfs...
         Unmounting /run/containerd/io.conta…e2040b2db80e496a2a783084fef/shm...
         Unmounting /run/containerd/io.conta…7dc5c3e254bb67900c1ec1f3/rootfs...
         Unmounting /run/containerd/io.conta…e5d2c9b741ef18fcdb48990c/rootfs...
         Unmounting /var/lib/kubelet/pods/85…projected/kube-api-access-4dvjj...
         Unmounting /run/containerd/io.conta…5806b3cafeff1492c4c92734/rootfs...
         Unmounting /var/lib/kubelet/pods/a7…projected/kube-api-access-wsmgs...
         Unmounting /var/lib/kubelet/pods/d1…projected/kube-api-access-8xskl...
         Unmounting /run/containerd/io.conta…fd2ec4a0b23844c02eb50b72/rootfs...
         Unmounting /run/containerd/io.conta…b1e2d73891c456f8ca906025/rootfs...
         Unmounting /run/netns/cni-118c3592-76e1-ad56-11ae-b555456e4b13...
         Unmounting /run/containerd/io.conta…e1f77c36164baae841a190a7/rootfs...
         Unmounting /var/lib/kubelet/pods/5d…projected/kube-api-access-z6vf2...
         Unmounting /var/lib/kubelet/pods/0f…projected/kube-api-access-p89c6...
         Unmounting /var/lib/kubelet/pods/f2…rnetes.io~secret/grafana-config...
         Unmounting /run/containerd/io.conta…38c7c8d36bfd8400f8b31f27/rootfs...
         Unmounting /run/containerd/io.conta…b1a04dbec439416865659089/rootfs...
         Unmounting /run/containerd/io.conta…8ab7b124ca28a6923190664c/rootfs...
         Unmounting /var/lib/kubelet/pods/78…ernetes.io~empty-dir/config-out...
         Unmounting /var/lib/kubelet/pods/a5…projected/kube-api-access-2dwxb...
         Unmounting /run/netns/cni-843a72f7-6e25-5df5-6fe7-afad7272b4e2...
         Unmounting /run/netns/cni-464be5db-2b99-8f79-18be-60e23e7c0e1e...
         Unmounting /run/containerd/io.conta…8b30b76fcaf74f31f6582c89ad5/shm...
         Unmounting /var/lib/kubelet/pods/0f…ubpaths/web-config/prometheus/4...
         Unmounting /run/containerd/io.conta…c5d38c7c8d36bfd8400f8b31f27/shm...
         Unmounting /run/containerd/io.conta…6031eb1e28e1fa686bcfc7a4/rootfs...
         Unmounting /var/lib/kubelet/pods/7e…ernetes.io~projected/tls-assets...
         Unmounting /var/lib/kubelet/pods/a5…/tigera-ca-bundle/calico-node/1...
         Unmounting /run/containerd/io.conta…6614ef85e55cafed8e0efce4624/shm...
         Unmounting /var/lib/kubelet/pods/85…projected/kube-api-access-m969p...
[[0;32m  OK  [0m] Stopped target Mounted snaps.
[[0;32m  OK  [0m] Stopped target Mounting snaps.
         Unmounting /run/containerd/io.conta…0964fad9525a49738dea55c6/rootfs...
[[0;32m  OK  [0m] Stopped Network Service.
[[0;32m  OK  [0m] Unmounted /var/lib/kubelet/pods/cdf…o~projected/kube-api-access-d242r.
[[0;32m  OK  [0m] Unmounted /run/containerd/io.contai…6f09181cf352b5b7b970ebb49c/rootfs.
[[0;32m  OK  [0m] Unmounted /run/containerd/io.contai…73e04309bf1f935db13141d20e/rootfs.
[[0;32m  OK  [0m] Unmounted /var/lib/kubelet/pods/a5b…s/kubernetes.io~secret/node-certs.
[[0;32m  OK  [0m] Unmounted /run/containerd/io.contai…7be5efcb5f1218ab0877dc4f8b/rootfs.
[[0;32m  OK  [0m] Unmounted /var/lib/kubelet/pods/46b…o~projected/kube-api-access-pmjfz.
[[0;32m  OK  [0m] Unmounted /run/containerd/io.contai…35a09dad93bd8945f25d15067a/rootfs.
[[0;32m  OK  [0m] Unmounted /run/containerd/io.contai…1f1b87848b539df0320394f819b59/shm.
[[0;32m  OK  [0m] Unmounted /run/containerd/io.contai…f3861bb6c1fe5db3086bdeaab7/rootfs.
[[0;32m  OK  [0m] Unmounted /var/lib/kubelet/pods/7e2…ubernetes.io~empty-dir/config-out.
[[0;32m  OK  [0m] Unmounted /var/lib/kubelet/pods/0f2…s/kubernetes.io~secret/web-config.
[[0;32m  OK  [0m] Unmounted /run/containerd/io.contai…b7bcbad0b255a782ebc34193f9/rootfs.
[[0;32m  OK  [0m] Unmounted /var/lib/kubelet/pods/d11…s/tigera-ca-bundle/calico-typha/1.
[[0;32m  OK  [0m] Unmounted /var/lib/kubelet/pods/0f2…ubernetes.io~projected/tls-assets.
[[0;32m  OK  [0m] Unmounted /run/containerd/io.contai…c759e073a5edcde00f05109c57/rootfs.
[[0;32m  OK  [0m] Unmounted /var/lib/kubelet/pods/300…o~projected/kube-api-access-hqdsq.
[[0;32m  OK  [0m] Unmounted /run/netns/cni-fe7489d0-62e4-199a-74a0-e83bbfd178c8.
[[0;32m  OK  [0m] Unmounted /run/containerd/io.contai…f8735a09dad93bd8945f25d15067a/shm.
[[0;32m  OK  [0m] Unmounted /run/netns/cni-8fd47044-82c2-e72c-a281-6e9e80e171a2.
[[0;32m  OK  [0m] Unmounted /run/containerd/io.contai…2657ef7eee0a27ac4a772da3ce/rootfs.
[[0;32m  OK  [0m] Unmounted /var/lib/kubelet/pods/0f2…lumes/kubernetes.io~secret/config.
[[0;32m  OK  [0m] Unmounted /var/lib/kubelet/pods/f20…ubpaths/web-config/alertmanager/4.
[[0;32m  OK  [0m] Unmounted /run/containerd/io.contai…8b032445a4578485c202bf8565/rootfs.
[[0;32m  OK  [0m] Unmounted /run/netns/cni-a6a69266-c3f4-c81a-e5eb-ea217fc3a91a.
[[0;32m  OK  [0m] Unmounted /var/lib/kubelet/pods/788…ubpaths/web-config/alertmanager/4.
[[0;32m  OK  [0m] Unmounted /run/containerd/io.contai…73c9b4469420ce919727e0b75f/rootfs.
[[0;32m  OK  [0m] Unmounted /var/lib/kubelet/pods/857….io~secret/calico-apiserver-certs.
[[0;32m  OK  [0m] Unmounted /run/containerd/io.contai…8bb2de9841512af4605b4f8329af4/shm.
[[0;32m  OK  [0m] Unmounted /run/netns/cni-9181960e-ce5e-62ba-2535-8928d048f365.
[[0;32m  OK  [0m] Unmounted /run/containerd/io.contai…ae2a260aa4b6bd13b725b04f06/rootfs.
[[0;32m  OK  [0m] Unmounted /run/containerd/io.contai…2ea2d066a340da3098c79c4316/rootfs.
[[0;32m  OK  [0m] Unmounted /run/containerd/io.contai…568df7cb10106dd7949e030ef4/rootfs.
[[0;32m  OK  [0m] Unmounted /run/containerd/io.contai…0e5432870992b9175df097f0ff/rootfs.
[[0;32m  OK  [0m] Unmounted /var/lib/kubelet/pods/f20…tes.io~secret/grafana-datasources.
[[0;32m  OK  [0m] Unmounted /run/containerd/io.contai…70d73e04309bf1f935db13141d20e/shm.
[[0;32m  OK  [0m] Unmounted /var/lib/kubelet/pods/728…o~projected/kube-api-access-47xbv.
[[0;32m  OK  [0m] Unmounted /var/lib/kubelet/pods/788…ubernetes.io~projected/tls-assets.
[[0;32m  OK  [0m] Unmounted /run/containerd/io.contai…ffca07d04a3e21721d71f11c37/rootfs.
[[0;32m  OK  [0m] Unmounted /var/lib/kubelet/pods/0f2…ubernetes.io~empty-dir/config-out.
[[0;32m  OK  [0m] Unmounted /var/lib/kubelet/pods/7e2…s/kubernetes.io~secret/web-config.
[[0;32m  OK  [0m] Unmounted /run/containerd/io.contai…981fecf596a4da9ab5248867cd/rootfs.
[[0;32m  OK  [0m] Unmounted /run/containerd/io.contai…b87848b539df0320394f819b59/rootfs.
[[0;32m  OK  [0m] Unmounted /var/lib/kubelet/pods/46b…lumes/kubernetes.io~secret/config.
[[0;32m  OK  [0m] Unmounted /run/containerd/io.contai…1da27a7a9a906b01d64a16abdb/rootfs.
[[0;32m  OK  [0m] Unmounted /run/containerd/io.contai…b86973ffc6a208d2159bb00cf600a/shm.
[[0;32m  OK  [0m] Unmounted /run/containerd/io.contai…0f8bb6d2849025ca4afd0f3227/rootfs.
[[0;32m  OK  [0m] Unmounted /run/containerd/io.contai…9c3d8e5d2c9b741ef18fcdb48990c/shm.
[[0;32m  OK  [0m] Unmounted /var/lib/kubelet/pods/472…o~projected/kube-api-access-qm6w9.
[[0;32m  OK  [0m] Unmounted /run/containerd/io.contai…f2889ff2daff16bd52078448cf/rootfs.
[[0;32m  OK  [0m] Unmounted /run/containerd/io.contai…11b568df7cb10106dd7949e030ef4/shm.
[[0;32m  OK  [0m] Unmounted /run/netns/cni-7fd45860-78b7-7a00-fa72-5bde7bdb07fc.
[[0;32m  OK  [0m] Unmounted /run/containerd/io.contai…3e0638ab7b124ca28a6923190664c/shm.
[[0;32m  OK  [0m] Unmounted /var/lib/kubelet/pods/f20…ubernetes.io~empty-dir/config-out.
[[0;32m  OK  [0m] Unmounted /run/containerd/io.contai…973ffc6a208d2159bb00cf600a/rootfs.
[[0;32m  OK  [0m] Unmounted /run/containerd/io.contai…8a32ea2d066a340da3098c79c4316/shm.
[[0;32m  OK  [0m] Unmounted /var/lib/kubelet/pods/f20…ubernetes.io~projected/tls-assets.
[[0;32m  OK  [0m] Unmounted /var/lib/kubelet/pods/f20…ubernetes.io~secret/config-volume.
[[0;32m  OK  [0m] Unmounted /run/netns/cni-948e1404-c1b5-17ad-cd1a-5a92b1c0b14a.
[[0;32m  OK  [0m] Unmounted /run/containerd/io.contai…92b0a3b20da0d537bafc432543/rootfs.
[[0;32m  OK  [0m] Unmounted /run/netns/cni-7dd61257-e025-2d97-758c-b00b3fd0f370.
[[0;32m  OK  [0m] Unmounted /run/netns/cni-bc61fce1-f048-5cad-636d-63fafda1a309.
[[0;32m  OK  [0m] Unmounted /var/lib/kubelet/pods/7e2…ubpaths/web-config/alertmanager/4.
[[0;32m  OK  [0m] Unmounted /run/containerd/io.contai…7dcf3861bb6c1fe5db3086bdeaab7/shm.
[[0;32m  OK  [0m] Unmounted /run/containerd/io.contai…a957079a47695c0a1391e5095b/rootfs.
[[0;32m  OK  [0m] Unmounted /run/containerd/io.contai…d4d3b35674c9cd60fb6b140b44/rootfs.
[[0;32m  OK  [0m] Unmounted /var/lib/kubelet/pods/9e0…o~projected/kube-api-access-x9gdv.
[[0;32m  OK  [0m] Unmounted /run/containerd/io.contai…2040b2db80e496a2a783084fef/rootfs.
[[0;32m  OK  [0m] Unmounted /var/lib/kubelet/pods/46b…ubernetes.io~empty-dir/config-out.
[[0;32m  OK  [0m] Unmounted /run/containerd/io.contai…ab17b0964fad9525a49738dea55c6/shm.
[[0;32m  OK  [0m] Unmounted /var/lib/kubelet/pods/46b…-subpaths/web-config/prometheus/4.
[[0;32m  OK  [0m] Unmounted /run/user/1000.
[[0;32m  OK  [0m] Unmounted /var/lib/kubelet/pods/7e2…ubernetes.io~secret/config-volume.
[[0;32m  OK  [0m] Unmounted /var/lib/kubelet/pods/21b…o~projected/kube-api-access-z26xb.
[[0;32m  OK  [0m] Unmounted /run/containerd/io.contai…794a3e1f77c36164baae841a190a7/shm.
[[0;32m  OK  [0m] Unmounted /var/lib/kubelet/pods/f20…s/kubernetes.io~secret/web-config.
[[0;32m  OK  [0m] Unmounted /var/lib/kubelet/pods/f20…bernetes.io~empty-dir/tmp-plugins.
[[0;32m  OK  [0m] Unmounted /run/netns/cni-83016ce6-3d13-3e6c-551a-2ad3f010175b.
[[0;32m  OK  [0m] Unmounted /var/lib/kubelet/pods/46b…ubernetes.io~projected/tls-assets.
[[0;32m  OK  [0m] Unmounted /var/lib/kubelet/pods/788…ubernetes.io~secret/config-volume.
[[0;32m  OK  [0m] Unmounted /run/containerd/io.contai…5493bbc1d7eabcc4ef7fe8927e/rootfs.
[[0;32m  OK  [0m] Unmounted /var/lib/kubelet/pods/d11…/kubernetes.io~secret/typha-certs.
[[0;32m  OK  [0m] Unmounted /var/lib/kubelet/pods/788…s/kubernetes.io~secret/web-config.
[[0;32m  OK  [0m] Unmounted /run/containerd/io.contai…286536e532544aede244059480/rootfs.
[[0;32m  OK  [0m] Unmounted /var/lib/kubelet/pods/46b…s/kubernetes.io~secret/web-config.
[[0;32m  OK  [0m] Unmounted /run/containerd/io.contai…e4efffc1381ead4421a972c03b/rootfs.
[[0;32m  OK  [0m] Unmounted /run/netns/cni-21259cf5-0304-5946-2f26-79f16f9b0bef.
[[0;32m  OK  [0m] Unmounted /run/containerd/io.contai…4ae8ad282c10c3f8cf5b5ba8cec94/shm.
[[0;32m  OK  [0m] Unmounted /run/containerd/io.contai…ea821fd2ec4a0b23844c02eb50b72/shm.
[[0;32m  OK  [0m] Unmounted /run/containerd/io.contai…2de9841512af4605b4f8329af4/rootfs.
[[0;32m  OK  [0m] Unmounted /run/containerd/io.contai…d9e2040b2db80e496a2a783084fef/shm.
[[0;32m  OK  [0m] Unmounted /run/containerd/io.contai…747dc5c3e254bb67900c1ec1f3/rootfs.
[[0;32m  OK  [0m] Unmounted /run/containerd/io.contai…d8e5d2c9b741ef18fcdb48990c/rootfs.
[[0;32m  OK  [0m] Unmounted /var/lib/kubelet/pods/854…o~projected/kube-api-access-4dvjj.
[[0;32m  OK  [0m] Unmounted /run/containerd/io.contai…3c5806b3cafeff1492c4c92734/rootfs.
[[0;32m  OK  [0m] Unmounted /var/lib/kubelet/pods/a72…o~projected/kube-api-access-wsmgs.
[[0;32m  OK  [0m] Unmounted /var/lib/kubelet/pods/d11…o~projected/kube-api-access-8xskl.
[[0;32m  OK  [0m] Unmounted /run/containerd/io.contai…21fd2ec4a0b23844c02eb50b72/rootfs.
[[0;32m  OK  [0m] Unmounted /run/containerd/io.contai…40b1e2d73891c456f8ca906025/rootfs.
[[0;32m  OK  [0m] Unmounted /run/netns/cni-118c3592-76e1-ad56-11ae-b555456e4b13.
[[0;32m  OK  [0m] Unmounted /run/containerd/io.contai…a3e1f77c36164baae841a190a7/rootfs.
[[0;32m  OK  [0m] Unmounted /var/lib/kubelet/pods/5df…o~projected/kube-api-access-z6vf2.
[[0;32m  OK  [0m] Unmounted /var/lib/kubelet/pods/0f2…o~projected/kube-api-access-p89c6.
[[0;32m  OK  [0m] Unmounted /var/lib/kubelet/pods/f20…bernetes.io~secret/grafana-config.
[[0;32m  OK  [0m] Unmounted /run/containerd/io.contai…5d38c7c8d36bfd8400f8b31f27/rootfs.
[[0;32m  OK  [0m] Unmounted /run/containerd/io.contai…74b1a04dbec439416865659089/rootfs.
[[0;32m  OK  [0m] Unmounted /run/containerd/io.contai…638ab7b124ca28a6923190664c/rootfs.
[[0;32m  OK  [0m] Unmounted /var/lib/kubelet/pods/788…ubernetes.io~empty-dir/config-out.
[[0;32m  OK  [0m] Unmounted /var/lib/kubelet/pods/a5b…o~projected/kube-api-access-2dwxb.
[[0;32m  OK  [0m] Unmounted /run/netns/cni-843a72f7-6e25-5df5-6fe7-afad7272b4e2.
[[0;32m  OK  [0m] Unmounted /run/netns/cni-464be5db-2b99-8f79-18be-60e23e7c0e1e.
[[0;32m  OK  [0m] Unmounted /run/containerd/io.contai…c28b30b76fcaf74f31f6582c89ad5/shm.
[[0;32m  OK  [0m] Unmounted /var/lib/kubelet/pods/0f2…-subpaths/web-config/prometheus/4.
[[0;32m  OK  [0m] Unmounted /run/containerd/io.contai…d7c5d38c7c8d36bfd8400f8b31f27/shm.
[[0;32m  OK  [0m] Unmounted /run/containerd/io.contai…736031eb1e28e1fa686bcfc7a4/rootfs.
[[0;32m  OK  [0m] Unmounted /var/lib/kubelet/pods/7e2…ubernetes.io~projected/tls-assets.
[[0;32m  OK  [0m] Unmounted /var/lib/kubelet/pods/a5b…hs/tigera-ca-bundle/calico-node/1.
[[0;32m  OK  [0m] Unmounted /run/containerd/io.contai…d76614ef85e55cafed8e0efce4624/shm.
[[0;32m  OK  [0m] Unmounted /var/lib/kubelet/pods/857…o~projected/kube-api-access-m969p.
[[0;32m  OK  [0m] Unmounted /run/containerd/io.contai…7b0964fad9525a49738dea55c6/rootfs.
[[0;32m  OK  [0m] Stopped libcontainer container 4b24…5d765deae2a260aa4b6bd13b725b04f06.
[[0;32m  OK  [0m] Removed slice libcontainer containe…34cc_434a_9430_3c74b9ccf640.slice.
[[0;32m  OK  [0m] Removed slice libcontainer container kubepods-besteffort.slice.
[[0;32m  OK  [0m] Reached target Unmount All Filesystems.
[[0;32m  OK  [0m] Stopped target Local File Systems (Pre).
         Stopping Monitoring of LVM2 mirrors…ng dmeventd or progress polling...
[[0;32m  OK  [0m] Stopped Create Static Device Nodes in /dev.
[[0;32m  OK  [0m] Stopped target Swap.
[[0;32m  OK  [0m] Stopped target Network (Pre).
[[0;32m  OK  [0m] Stopped Initial cloud-init job (pre-networking).
[[0;32m  OK  [0m] Stopped Remount Root and Kernel File Systems.
[[0;32m  OK  [0m] Stopped Apply Kernel Variables.
[[0;32m  OK  [0m] Stopped Load Kernel Modules.
[[0;32m  OK  [0m] Stopped libcontainer container b4e1…abc567173c9b4469420ce919727e0b75f.
[[0;32m  OK  [0m] Removed slice libcontainer containe…0dde_4e38_85b2_fc3eefbe78b6.slice.
[[0;32m  OK  [0m] Removed slice libcontainer container kubepods-burstable.slice.
[[0;32m  OK  [0m] Removed slice libcontainer container kubepods.slice.
[[0;32m  OK  [0m] Reached target Shutdown.
[[0;32m  OK  [0m] Reached target Final Step.
         Starting Power-Off...
[76909.134379] reboot: Power down
